<?xml version="1.0" encoding="UTF-8"?>
<testsuite xmlns:xsi="http://www.w3.org/2001/XMLSchema-instance" xsi:noNamespaceSchemaLocation="https://maven.apache.org/surefire/maven-surefire-plugin/xsd/surefire-test-report-3.0.xsd" version="3.0" name="TestSuite" time="25.349" tests="36" errors="0" skipped="0" failures="0">
  <properties>
    <property name="java.specification.version" value="16"/>
    <property name="sun.cpu.isalist" value="amd64"/>
    <property name="sun.jnu.encoding" value="Cp1252"/>
    <property name="java.class.path" value="D:\lalitha\SwaggerPetProject\target\test-classes;D:\lalitha\SwaggerPetProject\target\classes;C:\Users\lalit\.m2\repository\org\testng\testng\7.4.0\testng-7.4.0.jar;C:\Users\lalit\.m2\repository\com\beust\jcommander\1.78\jcommander-1.78.jar;C:\Users\lalit\.m2\repository\org\webjars\jquery\3.5.1\jquery-3.5.1.jar;C:\Users\lalit\.m2\repository\io\rest-assured\rest-assured\4.3.3\rest-assured-4.3.3.jar;C:\Users\lalit\.m2\repository\org\codehaus\groovy\groovy\3.0.7\groovy-3.0.7.jar;C:\Users\lalit\.m2\repository\org\codehaus\groovy\groovy-xml\3.0.7\groovy-xml-3.0.7.jar;C:\Users\lalit\.m2\repository\org\apache\httpcomponents\httpclient\4.5.3\httpclient-4.5.3.jar;C:\Users\lalit\.m2\repository\org\apache\httpcomponents\httpcore\4.4.6\httpcore-4.4.6.jar;C:\Users\lalit\.m2\repository\commons-logging\commons-logging\1.2\commons-logging-1.2.jar;C:\Users\lalit\.m2\repository\org\apache\httpcomponents\httpmime\4.5.3\httpmime-4.5.3.jar;C:\Users\lalit\.m2\repository\org\hamcrest\hamcrest\2.1\hamcrest-2.1.jar;C:\Users\lalit\.m2\repository\org\ccil\cowan\tagsoup\tagsoup\1.2.1\tagsoup-1.2.1.jar;C:\Users\lalit\.m2\repository\io\rest-assured\json-path\4.3.3\json-path-4.3.3.jar;C:\Users\lalit\.m2\repository\org\codehaus\groovy\groovy-json\3.0.7\groovy-json-3.0.7.jar;C:\Users\lalit\.m2\repository\io\rest-assured\rest-assured-common\4.3.3\rest-assured-common-4.3.3.jar;C:\Users\lalit\.m2\repository\io\rest-assured\xml-path\4.3.3\xml-path-4.3.3.jar;C:\Users\lalit\.m2\repository\org\apache\commons\commons-lang3\3.11\commons-lang3-3.11.jar;C:\Users\lalit\.m2\repository\jakarta\xml\bind\jakarta.xml.bind-api\2.3.3\jakarta.xml.bind-api-2.3.3.jar;C:\Users\lalit\.m2\repository\jakarta\activation\jakarta.activation-api\1.2.2\jakarta.activation-api-1.2.2.jar;C:\Users\lalit\.m2\repository\com\sun\xml\bind\jaxb-impl\2.3.3\jaxb-impl-2.3.3.jar;C:\Users\lalit\.m2\repository\com\googlecode\json-simple\json-simple\1.1.1\json-simple-1.1.1.jar;C:\Users\lalit\.m2\repository\junit\junit\4.10\junit-4.10.jar;C:\Users\lalit\.m2\repository\org\hamcrest\hamcrest-core\1.1\hamcrest-core-1.1.jar;C:\Users\lalit\.m2\repository\org\apache\poi\poi\5.0.0\poi-5.0.0.jar;C:\Users\lalit\.m2\repository\org\slf4j\slf4j-api\1.7.30\slf4j-api-1.7.30.jar;C:\Users\lalit\.m2\repository\org\slf4j\jcl-over-slf4j\1.7.30\jcl-over-slf4j-1.7.30.jar;C:\Users\lalit\.m2\repository\commons-codec\commons-codec\1.15\commons-codec-1.15.jar;C:\Users\lalit\.m2\repository\org\apache\commons\commons-collections4\4.4\commons-collections4-4.4.jar;C:\Users\lalit\.m2\repository\org\apache\commons\commons-math3\3.6.1\commons-math3-3.6.1.jar;C:\Users\lalit\.m2\repository\com\zaxxer\SparseBitSet\1.2\SparseBitSet-1.2.jar;C:\Users\lalit\.m2\repository\org\apache\poi\poi-ooxml\5.0.0\poi-ooxml-5.0.0.jar;C:\Users\lalit\.m2\repository\org\apache\poi\poi-ooxml-lite\5.0.0\poi-ooxml-lite-5.0.0.jar;C:\Users\lalit\.m2\repository\org\apache\xmlbeans\xmlbeans\4.0.0\xmlbeans-4.0.0.jar;C:\Users\lalit\.m2\repository\org\apache\commons\commons-compress\1.20\commons-compress-1.20.jar;C:\Users\lalit\.m2\repository\com\github\virtuald\curvesapi\1.06\curvesapi-1.06.jar;C:\Users\lalit\.m2\repository\org\bouncycastle\bcpkix-jdk15on\1.68\bcpkix-jdk15on-1.68.jar;C:\Users\lalit\.m2\repository\org\bouncycastle\bcprov-jdk15on\1.68\bcprov-jdk15on-1.68.jar;C:\Users\lalit\.m2\repository\org\apache\santuario\xmlsec\2.2.1\xmlsec-2.2.1.jar;C:\Users\lalit\.m2\repository\com\fasterxml\woodstox\woodstox-core\5.2.1\woodstox-core-5.2.1.jar;C:\Users\lalit\.m2\repository\org\codehaus\woodstox\stax2-api\4.2\stax2-api-4.2.jar;C:\Users\lalit\.m2\repository\org\apache\xmlgraphics\batik-all\1.13\batik-all-1.13.jar;C:\Users\lalit\.m2\repository\org\apache\xmlgraphics\batik-anim\1.13\batik-anim-1.13.jar;C:\Users\lalit\.m2\repository\org\apache\xmlgraphics\batik-shared-resources\1.13\batik-shared-resources-1.13.jar;C:\Users\lalit\.m2\repository\xml-apis\xml-apis-ext\1.3.04\xml-apis-ext-1.3.04.jar;C:\Users\lalit\.m2\repository\org\apache\xmlgraphics\batik-awt-util\1.13\batik-awt-util-1.13.jar;C:\Users\lalit\.m2\repository\org\apache\xmlgraphics\xmlgraphics-commons\2.4\xmlgraphics-commons-2.4.jar;C:\Users\lalit\.m2\repository\commons-io\commons-io\1.3.1\commons-io-1.3.1.jar;C:\Users\lalit\.m2\repository\org\apache\xmlgraphics\batik-bridge\1.13\batik-bridge-1.13.jar;C:\Users\lalit\.m2\repository\org\apache\xmlgraphics\batik-codec\1.13\batik-codec-1.13.jar;C:\Users\lalit\.m2\repository\org\apache\xmlgraphics\batik-constants\1.13\batik-constants-1.13.jar;C:\Users\lalit\.m2\repository\org\apache\xmlgraphics\batik-css\1.13\batik-css-1.13.jar;C:\Users\lalit\.m2\repository\org\apache\xmlgraphics\batik-dom\1.13\batik-dom-1.13.jar;C:\Users\lalit\.m2\repository\xalan\xalan\2.7.2\xalan-2.7.2.jar;C:\Users\lalit\.m2\repository\xalan\serializer\2.7.2\serializer-2.7.2.jar;C:\Users\lalit\.m2\repository\xml-apis\xml-apis\1.4.01\xml-apis-1.4.01.jar;C:\Users\lalit\.m2\repository\org\apache\xmlgraphics\batik-ext\1.13\batik-ext-1.13.jar;C:\Users\lalit\.m2\repository\org\apache\xmlgraphics\batik-extension\1.13\batik-extension-1.13.jar;C:\Users\lalit\.m2\repository\org\apache\xmlgraphics\batik-gui-util\1.13\batik-gui-util-1.13.jar;C:\Users\lalit\.m2\repository\org\apache\xmlgraphics\batik-gvt\1.13\batik-gvt-1.13.jar;C:\Users\lalit\.m2\repository\org\apache\xmlgraphics\batik-i18n\1.13\batik-i18n-1.13.jar;C:\Users\lalit\.m2\repository\org\apache\xmlgraphics\batik-parser\1.13\batik-parser-1.13.jar;C:\Users\lalit\.m2\repository\org\apache\xmlgraphics\batik-rasterizer-ext\1.13\batik-rasterizer-ext-1.13.jar;C:\Users\lalit\.m2\repository\org\apache\xmlgraphics\batik-rasterizer\1.13\batik-rasterizer-1.13.jar;C:\Users\lalit\.m2\repository\org\apache\xmlgraphics\batik-script\1.13\batik-script-1.13.jar;C:\Users\lalit\.m2\repository\org\apache\xmlgraphics\batik-slideshow\1.13\batik-slideshow-1.13.jar;C:\Users\lalit\.m2\repository\org\apache\xmlgraphics\batik-squiggle-ext\1.13\batik-squiggle-ext-1.13.jar;C:\Users\lalit\.m2\repository\org\apache\xmlgraphics\batik-squiggle\1.13\batik-squiggle-1.13.jar;C:\Users\lalit\.m2\repository\org\apache\xmlgraphics\batik-svg-dom\1.13\batik-svg-dom-1.13.jar;C:\Users\lalit\.m2\repository\org\apache\xmlgraphics\batik-svgbrowser\1.13\batik-svgbrowser-1.13.jar;C:\Users\lalit\.m2\repository\org\apache\xmlgraphics\batik-svggen\1.13\batik-svggen-1.13.jar;C:\Users\lalit\.m2\repository\org\apache\xmlgraphics\batik-svgpp\1.13\batik-svgpp-1.13.jar;C:\Users\lalit\.m2\repository\org\apache\xmlgraphics\batik-svgrasterizer\1.13\batik-svgrasterizer-1.13.jar;C:\Users\lalit\.m2\repository\org\apache\xmlgraphics\batik-swing\1.13\batik-swing-1.13.jar;C:\Users\lalit\.m2\repository\org\apache\xmlgraphics\batik-transcoder\1.13\batik-transcoder-1.13.jar;C:\Users\lalit\.m2\repository\org\apache\xmlgraphics\batik-util\1.13\batik-util-1.13.jar;C:\Users\lalit\.m2\repository\org\apache\xmlgraphics\batik-ttf2svg\1.13\batik-ttf2svg-1.13.jar;C:\Users\lalit\.m2\repository\org\apache\xmlgraphics\batik-xml\1.13\batik-xml-1.13.jar;C:\Users\lalit\.m2\repository\de\rototor\pdfbox\graphics2d\0.30\graphics2d-0.30.jar;C:\Users\lalit\.m2\repository\org\apache\pdfbox\pdfbox\2.0.22\pdfbox-2.0.22.jar;C:\Users\lalit\.m2\repository\org\apache\pdfbox\fontbox\2.0.22\fontbox-2.0.22.jar;"/>
    <property name="java.vm.vendor" value="Oracle Corporation"/>
    <property name="sun.arch.data.model" value="64"/>
    <property name="user.variant" value=""/>
    <property name="java.vendor.url" value="https://java.oracle.com/"/>
    <property name="user.timezone" value="Europe/Berlin"/>
    <property name="user.country.format" value="DE"/>
    <property name="os.name" value="Windows 10"/>
    <property name="java.vm.specification.version" value="16"/>
    <property name="sun.java.launcher" value="SUN_STANDARD"/>
    <property name="user.country" value="GB"/>
    <property name="sun.boot.library.path" value="C:\Program Files\Java\jdk-16.0.1\bin"/>
    <property name="sun.java.command" value="C:\Users\lalit\AppData\Local\Temp\surefire12193551827725595311\surefirebooter10612903932952329211.jar C:\Users\lalit\AppData\Local\Temp\surefire12193551827725595311 2021-05-16T01-46-36_211-jvmRun1 surefire6303739780711952950tmp surefire_014334432212680915651tmp"/>
    <property name="jdk.debug" value="release"/>
    <property name="surefire.test.class.path" value="D:\lalitha\SwaggerPetProject\target\test-classes;D:\lalitha\SwaggerPetProject\target\classes;C:\Users\lalit\.m2\repository\org\testng\testng\7.4.0\testng-7.4.0.jar;C:\Users\lalit\.m2\repository\com\beust\jcommander\1.78\jcommander-1.78.jar;C:\Users\lalit\.m2\repository\org\webjars\jquery\3.5.1\jquery-3.5.1.jar;C:\Users\lalit\.m2\repository\io\rest-assured\rest-assured\4.3.3\rest-assured-4.3.3.jar;C:\Users\lalit\.m2\repository\org\codehaus\groovy\groovy\3.0.7\groovy-3.0.7.jar;C:\Users\lalit\.m2\repository\org\codehaus\groovy\groovy-xml\3.0.7\groovy-xml-3.0.7.jar;C:\Users\lalit\.m2\repository\org\apache\httpcomponents\httpclient\4.5.3\httpclient-4.5.3.jar;C:\Users\lalit\.m2\repository\org\apache\httpcomponents\httpcore\4.4.6\httpcore-4.4.6.jar;C:\Users\lalit\.m2\repository\commons-logging\commons-logging\1.2\commons-logging-1.2.jar;C:\Users\lalit\.m2\repository\org\apache\httpcomponents\httpmime\4.5.3\httpmime-4.5.3.jar;C:\Users\lalit\.m2\repository\org\hamcrest\hamcrest\2.1\hamcrest-2.1.jar;C:\Users\lalit\.m2\repository\org\ccil\cowan\tagsoup\tagsoup\1.2.1\tagsoup-1.2.1.jar;C:\Users\lalit\.m2\repository\io\rest-assured\json-path\4.3.3\json-path-4.3.3.jar;C:\Users\lalit\.m2\repository\org\codehaus\groovy\groovy-json\3.0.7\groovy-json-3.0.7.jar;C:\Users\lalit\.m2\repository\io\rest-assured\rest-assured-common\4.3.3\rest-assured-common-4.3.3.jar;C:\Users\lalit\.m2\repository\io\rest-assured\xml-path\4.3.3\xml-path-4.3.3.jar;C:\Users\lalit\.m2\repository\org\apache\commons\commons-lang3\3.11\commons-lang3-3.11.jar;C:\Users\lalit\.m2\repository\jakarta\xml\bind\jakarta.xml.bind-api\2.3.3\jakarta.xml.bind-api-2.3.3.jar;C:\Users\lalit\.m2\repository\jakarta\activation\jakarta.activation-api\1.2.2\jakarta.activation-api-1.2.2.jar;C:\Users\lalit\.m2\repository\com\sun\xml\bind\jaxb-impl\2.3.3\jaxb-impl-2.3.3.jar;C:\Users\lalit\.m2\repository\com\googlecode\json-simple\json-simple\1.1.1\json-simple-1.1.1.jar;C:\Users\lalit\.m2\repository\junit\junit\4.10\junit-4.10.jar;C:\Users\lalit\.m2\repository\org\hamcrest\hamcrest-core\1.1\hamcrest-core-1.1.jar;C:\Users\lalit\.m2\repository\org\apache\poi\poi\5.0.0\poi-5.0.0.jar;C:\Users\lalit\.m2\repository\org\slf4j\slf4j-api\1.7.30\slf4j-api-1.7.30.jar;C:\Users\lalit\.m2\repository\org\slf4j\jcl-over-slf4j\1.7.30\jcl-over-slf4j-1.7.30.jar;C:\Users\lalit\.m2\repository\commons-codec\commons-codec\1.15\commons-codec-1.15.jar;C:\Users\lalit\.m2\repository\org\apache\commons\commons-collections4\4.4\commons-collections4-4.4.jar;C:\Users\lalit\.m2\repository\org\apache\commons\commons-math3\3.6.1\commons-math3-3.6.1.jar;C:\Users\lalit\.m2\repository\com\zaxxer\SparseBitSet\1.2\SparseBitSet-1.2.jar;C:\Users\lalit\.m2\repository\org\apache\poi\poi-ooxml\5.0.0\poi-ooxml-5.0.0.jar;C:\Users\lalit\.m2\repository\org\apache\poi\poi-ooxml-lite\5.0.0\poi-ooxml-lite-5.0.0.jar;C:\Users\lalit\.m2\repository\org\apache\xmlbeans\xmlbeans\4.0.0\xmlbeans-4.0.0.jar;C:\Users\lalit\.m2\repository\org\apache\commons\commons-compress\1.20\commons-compress-1.20.jar;C:\Users\lalit\.m2\repository\com\github\virtuald\curvesapi\1.06\curvesapi-1.06.jar;C:\Users\lalit\.m2\repository\org\bouncycastle\bcpkix-jdk15on\1.68\bcpkix-jdk15on-1.68.jar;C:\Users\lalit\.m2\repository\org\bouncycastle\bcprov-jdk15on\1.68\bcprov-jdk15on-1.68.jar;C:\Users\lalit\.m2\repository\org\apache\santuario\xmlsec\2.2.1\xmlsec-2.2.1.jar;C:\Users\lalit\.m2\repository\com\fasterxml\woodstox\woodstox-core\5.2.1\woodstox-core-5.2.1.jar;C:\Users\lalit\.m2\repository\org\codehaus\woodstox\stax2-api\4.2\stax2-api-4.2.jar;C:\Users\lalit\.m2\repository\org\apache\xmlgraphics\batik-all\1.13\batik-all-1.13.jar;C:\Users\lalit\.m2\repository\org\apache\xmlgraphics\batik-anim\1.13\batik-anim-1.13.jar;C:\Users\lalit\.m2\repository\org\apache\xmlgraphics\batik-shared-resources\1.13\batik-shared-resources-1.13.jar;C:\Users\lalit\.m2\repository\xml-apis\xml-apis-ext\1.3.04\xml-apis-ext-1.3.04.jar;C:\Users\lalit\.m2\repository\org\apache\xmlgraphics\batik-awt-util\1.13\batik-awt-util-1.13.jar;C:\Users\lalit\.m2\repository\org\apache\xmlgraphics\xmlgraphics-commons\2.4\xmlgraphics-commons-2.4.jar;C:\Users\lalit\.m2\repository\commons-io\commons-io\1.3.1\commons-io-1.3.1.jar;C:\Users\lalit\.m2\repository\org\apache\xmlgraphics\batik-bridge\1.13\batik-bridge-1.13.jar;C:\Users\lalit\.m2\repository\org\apache\xmlgraphics\batik-codec\1.13\batik-codec-1.13.jar;C:\Users\lalit\.m2\repository\org\apache\xmlgraphics\batik-constants\1.13\batik-constants-1.13.jar;C:\Users\lalit\.m2\repository\org\apache\xmlgraphics\batik-css\1.13\batik-css-1.13.jar;C:\Users\lalit\.m2\repository\org\apache\xmlgraphics\batik-dom\1.13\batik-dom-1.13.jar;C:\Users\lalit\.m2\repository\xalan\xalan\2.7.2\xalan-2.7.2.jar;C:\Users\lalit\.m2\repository\xalan\serializer\2.7.2\serializer-2.7.2.jar;C:\Users\lalit\.m2\repository\xml-apis\xml-apis\1.4.01\xml-apis-1.4.01.jar;C:\Users\lalit\.m2\repository\org\apache\xmlgraphics\batik-ext\1.13\batik-ext-1.13.jar;C:\Users\lalit\.m2\repository\org\apache\xmlgraphics\batik-extension\1.13\batik-extension-1.13.jar;C:\Users\lalit\.m2\repository\org\apache\xmlgraphics\batik-gui-util\1.13\batik-gui-util-1.13.jar;C:\Users\lalit\.m2\repository\org\apache\xmlgraphics\batik-gvt\1.13\batik-gvt-1.13.jar;C:\Users\lalit\.m2\repository\org\apache\xmlgraphics\batik-i18n\1.13\batik-i18n-1.13.jar;C:\Users\lalit\.m2\repository\org\apache\xmlgraphics\batik-parser\1.13\batik-parser-1.13.jar;C:\Users\lalit\.m2\repository\org\apache\xmlgraphics\batik-rasterizer-ext\1.13\batik-rasterizer-ext-1.13.jar;C:\Users\lalit\.m2\repository\org\apache\xmlgraphics\batik-rasterizer\1.13\batik-rasterizer-1.13.jar;C:\Users\lalit\.m2\repository\org\apache\xmlgraphics\batik-script\1.13\batik-script-1.13.jar;C:\Users\lalit\.m2\repository\org\apache\xmlgraphics\batik-slideshow\1.13\batik-slideshow-1.13.jar;C:\Users\lalit\.m2\repository\org\apache\xmlgraphics\batik-squiggle-ext\1.13\batik-squiggle-ext-1.13.jar;C:\Users\lalit\.m2\repository\org\apache\xmlgraphics\batik-squiggle\1.13\batik-squiggle-1.13.jar;C:\Users\lalit\.m2\repository\org\apache\xmlgraphics\batik-svg-dom\1.13\batik-svg-dom-1.13.jar;C:\Users\lalit\.m2\repository\org\apache\xmlgraphics\batik-svgbrowser\1.13\batik-svgbrowser-1.13.jar;C:\Users\lalit\.m2\repository\org\apache\xmlgraphics\batik-svggen\1.13\batik-svggen-1.13.jar;C:\Users\lalit\.m2\repository\org\apache\xmlgraphics\batik-svgpp\1.13\batik-svgpp-1.13.jar;C:\Users\lalit\.m2\repository\org\apache\xmlgraphics\batik-svgrasterizer\1.13\batik-svgrasterizer-1.13.jar;C:\Users\lalit\.m2\repository\org\apache\xmlgraphics\batik-swing\1.13\batik-swing-1.13.jar;C:\Users\lalit\.m2\repository\org\apache\xmlgraphics\batik-transcoder\1.13\batik-transcoder-1.13.jar;C:\Users\lalit\.m2\repository\org\apache\xmlgraphics\batik-util\1.13\batik-util-1.13.jar;C:\Users\lalit\.m2\repository\org\apache\xmlgraphics\batik-ttf2svg\1.13\batik-ttf2svg-1.13.jar;C:\Users\lalit\.m2\repository\org\apache\xmlgraphics\batik-xml\1.13\batik-xml-1.13.jar;C:\Users\lalit\.m2\repository\de\rototor\pdfbox\graphics2d\0.30\graphics2d-0.30.jar;C:\Users\lalit\.m2\repository\org\apache\pdfbox\pdfbox\2.0.22\pdfbox-2.0.22.jar;C:\Users\lalit\.m2\repository\org\apache\pdfbox\fontbox\2.0.22\fontbox-2.0.22.jar;"/>
    <property name="sun.cpu.endian" value="little"/>
    <property name="user.home" value="C:\Users\lalit"/>
    <property name="user.language" value="en"/>
    <property name="java.specification.vendor" value="Oracle Corporation"/>
    <property name="java.version.date" value="2021-04-20"/>
    <property name="java.home" value="C:\Program Files\Java\jdk-16.0.1"/>
    <property name="file.separator" value="\"/>
    <property name="basedir" value="D:\lalitha\SwaggerPetProject"/>
    <property name="java.vm.compressedOopsMode" value="32-bit"/>
    <property name="line.separator" value="&#10;"/>
    <property name="java.vm.specification.vendor" value="Oracle Corporation"/>
    <property name="java.specification.name" value="Java Platform API Specification"/>
    <property name="surefire.real.class.path" value="C:\Users\lalit\AppData\Local\Temp\surefire12193551827725595311\surefirebooter10612903932952329211.jar"/>
    <property name="user.script" value=""/>
    <property name="sun.management.compiler" value="HotSpot 64-Bit Tiered Compilers"/>
    <property name="java.runtime.version" value="16.0.1+9-24"/>
    <property name="user.name" value="lalit"/>
    <property name="path.separator" value=";"/>
    <property name="os.version" value="10.0"/>
    <property name="java.runtime.name" value="Java(TM) SE Runtime Environment"/>
    <property name="file.encoding" value="UTF-8"/>
    <property name="java.vm.name" value="Java HotSpot(TM) 64-Bit Server VM"/>
    <property name="localRepository" value="C:\Users\lalit\.m2\repository"/>
    <property name="java.vendor.url.bug" value="https://bugreport.java.com/bugreport/"/>
    <property name="java.io.tmpdir" value="C:\Users\lalit\AppData\Local\Temp\"/>
    <property name="java.version" value="16.0.1"/>
    <property name="user.dir" value="D:\lalitha\SwaggerPetProject"/>
    <property name="os.arch" value="amd64"/>
    <property name="java.vm.specification.name" value="Java Virtual Machine Specification"/>
    <property name="sun.os.patch.level" value=""/>
    <property name="java.library.path" value="C:\Program Files\Java\jdk-16.0.1\bin;C:\windows\Sun\Java\bin;C:\windows\system32;C:\windows;C:\Program Files\Common Files\Oracle\Java\javapath;C:\windows\system32;C:\windows;C:\windows\System32\Wbem;C:\windows\System32\WindowsPowerShell\v1.0\;C:\windows\System32\OpenSSH\;C:\Program Files\dotnet\;C:\Program Files\Java\jdk-16.0.1\bin;C:\Maven\apache-maven-3.8.1\bin;C:\Users\lalit\AppData\Local\Microsoft\WindowsApps;C:\Users\lalit\.dotnet\tools;."/>
    <property name="java.vm.info" value="mixed mode, sharing"/>
    <property name="java.vendor" value="Oracle Corporation"/>
    <property name="java.vm.version" value="16.0.1+9-24"/>
    <property name="sun.io.unicode.encoding" value="UnicodeLittle"/>
    <property name="java.class.version" value="60.0"/>
  </properties>
  <testcase name="AddPetDataStore[100, Hund, available](1)" classname="ApiMethods.AddPet" time="2.655">
    <system-out><![CDATA[Adding a pet
Status code is : 200
Content Type : application/json
Response body is: {"id":100,"name":"Hund","photoUrls":[],"tags":[],"status":"available"}
id is :100
name is :Hund
Status is :available
]]></system-out>
    <system-err><![CDATA[SLF4J: Failed to load class "org.slf4j.impl.StaticLoggerBinder".
SLF4J: Defaulting to no-operation (NOP) logger implementation
SLF4J: See http://www.slf4j.org/codes.html#StaticLoggerBinder for further details.
]]></system-err>
  </testcase>
  <testcase name="AddPetDataStore[101, Katze, available](2)" classname="ApiMethods.AddPet" time="0.641">
    <system-out><![CDATA[Adding a pet
Status code is : 200
Content Type : application/json
Response body is: {"id":101,"name":"Katze","photoUrls":[],"tags":[],"status":"available"}
id is :101
name is :Katze
Status is :available
]]></system-out>
  </testcase>
  <testcase name="AddPetDataStore[102, Parrot, available](3)" classname="ApiMethods.AddPet" time="0.7">
    <system-out><![CDATA[Adding a pet
Status code is : 200
Content Type : application/json
Response body is: {"id":102,"name":"Parrot","photoUrls":[],"tags":[],"status":"available"}
id is :102
name is :Parrot
Status is :available
]]></system-out>
  </testcase>
  <testcase name="AddPetDataStore[103, Sparrow, available](4)" classname="ApiMethods.AddPet" time="0.705">
    <system-out><![CDATA[Adding a pet
Status code is : 200
Content Type : application/json
Response body is: {"id":103,"name":"Sparrow","photoUrls":[],"tags":[],"status":"available"}
id is :103
name is :Sparrow
Status is :available
]]></system-out>
  </testcase>
  <testcase name="FindPetByID[100](1)" classname="ApiMethods.FindAPetById" time="0.656">
    <system-out><![CDATA[Finding a pet by ID
Response body is: {"id":100,"name":"Hund","photoUrls":[],"tags":[],"status":"available"}
id is :100
Status code is : 200
]]></system-out>
  </testcase>
  <testcase name="FindPetByID[100](1)" classname="ApiMethods.FindAPetById" time="0.665">
    <system-out><![CDATA[Finding a pet by ID
Response body is: {"id":100,"name":"Hund","photoUrls":[],"tags":[],"status":"available"}
id is :100
Status code is : 200
]]></system-out>
  </testcase>
  <testcase name="FindPetByID[100](1)" classname="ApiMethods.FindAPetById" time="0.6">
    <system-out><![CDATA[Finding a pet by ID
Response body is: {"id":100,"name":"Hund","photoUrls":[],"tags":[],"status":"pending"}
id is :100
Status code is : 200
]]></system-out>
  </testcase>
  <testcase name="FindPetByID[100](1)" classname="ApiMethods.FindAPetById" time="0">
    <system-out><![CDATA[Finding a pet by ID
Response body is: {"id":100,"name":"Hund","photoUrls":[],"tags":[],"status":"sold"}
id is :100
Status code is : 200
]]></system-out>
  </testcase>
  <testcase name="FindPetByID[101](2)" classname="ApiMethods.FindAPetById" time="0.657">
    <system-out><![CDATA[Finding a pet by ID
Response body is: {"id":101,"name":"Katze","photoUrls":[],"tags":[],"status":"available"}
id is :101
Status code is : 200
]]></system-out>
  </testcase>
  <testcase name="FindPetByID[101](2)" classname="ApiMethods.FindAPetById" time="0.634">
    <system-out><![CDATA[Finding a pet by ID
Response body is: {"id":101,"name":"Katze","photoUrls":[],"tags":[],"status":"available"}
id is :101
Status code is : 200
]]></system-out>
  </testcase>
  <testcase name="FindPetByID[101](2)" classname="ApiMethods.FindAPetById" time="0.602">
    <system-out><![CDATA[Finding a pet by ID
Response body is: {"id":101,"name":"Katze-new","photoUrls":[],"tags":[],"status":"available"}
id is :101
Status code is : 200
]]></system-out>
  </testcase>
  <testcase name="FindPetByID[101](2)" classname="ApiMethods.FindAPetById" time="0.387">
    <system-out><![CDATA[Finding a pet by ID
Response body is: {"id":101,"name":"Katze-new","photoUrls":[],"tags":[],"status":"pending"}
id is :101
Status code is : 200
]]></system-out>
  </testcase>
  <testcase name="FindPetByID[102](3)" classname="ApiMethods.FindAPetById" time="0.629">
    <system-out><![CDATA[Finding a pet by ID
Response body is: {"id":102,"name":"Parrot","photoUrls":[],"tags":[],"status":"available"}
id is :102
Status code is : 200
]]></system-out>
  </testcase>
  <testcase name="FindPetByID[102](3)" classname="ApiMethods.FindAPetById" time="0.612">
    <system-out><![CDATA[Finding a pet by ID
Response body is: {"id":102,"name":"Parrot","photoUrls":[],"tags":[],"status":"available"}
id is :102
Status code is : 200
]]></system-out>
  </testcase>
  <testcase name="FindPetByID[102](3)" classname="ApiMethods.FindAPetById" time="0.641">
    <system-out><![CDATA[Finding a pet by ID
Response body is: {"id":102,"name":"Parrot","photoUrls":[],"tags":[],"status":"sold"}
id is :102
Status code is : 200
]]></system-out>
  </testcase>
  <testcase name="FindPetByID[102](3)" classname="ApiMethods.FindAPetById" time="0.616">
    <system-out><![CDATA[Finding a pet by ID
Response body is: {"id":102,"name":"Parrot-new","photoUrls":[],"tags":[],"status":"available"}
id is :102
Status code is : 200
]]></system-out>
  </testcase>
  <testcase name="FindPetByID[103](4)" classname="ApiMethods.FindAPetById" time="0.602">
    <system-out><![CDATA[Finding a pet by ID
Response body is: {"id":103,"name":"Sparrow","photoUrls":[],"tags":[],"status":"available"}
id is :103
Status code is : 200
]]></system-out>
  </testcase>
  <testcase name="FindPetByID[103](4)" classname="ApiMethods.FindAPetById" time="0.608">
    <system-out><![CDATA[Finding a pet by ID
Response body is: {"id":103,"name":"Sparrow","photoUrls":[],"tags":[],"status":"available"}
id is :103
Status code is : 200
]]></system-out>
  </testcase>
  <testcase name="FindPetByID[103](4)" classname="ApiMethods.FindAPetById" time="0.605">
    <system-out><![CDATA[Finding a pet by ID
Response body is: {"id":103,"name":"Sparrow","photoUrls":[],"tags":[],"status":"available"}
id is :103
Status code is : 200
]]></system-out>
  </testcase>
  <testcase name="FindPetByID[103](4)" classname="ApiMethods.FindAPetById" time="0.611">
    <system-out><![CDATA[Finding a pet by ID
Response body is: {"id":103,"name":"Sparrow-new","photoUrls":[],"tags":[],"status":"available"}
id is :103
Status code is : 200
]]></system-out>
  </testcase>
  <testcase name="UpdateExistingPet[100, Hund, pending](1)" classname="ApiMethods.UpdateAnExistingPet" time="0.631">
    <system-out><![CDATA[Update a Existing pet
Status code is : 200
Response body is: {"id":100,"name":"Hund","photoUrls":[],"tags":[],"status":"pending"}
id is :100
name is :Hund
Status is :pending
]]></system-out>
  </testcase>
  <testcase name="UpdateExistingPet[101, Katze-new, available](2)" classname="ApiMethods.UpdateAnExistingPet" time="0.612">
    <system-out><![CDATA[Update a Existing pet
Status code is : 200
Response body is: {"id":101,"name":"Katze-new","photoUrls":[],"tags":[],"status":"available"}
id is :101
name is :Katze-new
Status is :available
]]></system-out>
  </testcase>
  <testcase name="UpdateExistingPet[102, Parrot, sold](3)" classname="ApiMethods.UpdateAnExistingPet" time="0.584">
    <system-out><![CDATA[Update a Existing pet
Status code is : 200
Response body is: {"id":102,"name":"Parrot","photoUrls":[],"tags":[],"status":"sold"}
id is :102
name is :Parrot
Status is :sold
]]></system-out>
  </testcase>
  <testcase name="UpdateExistingPet[103, Sparrow, available](4)" classname="ApiMethods.UpdateAnExistingPet" time="0.638">
    <system-out><![CDATA[Update a Existing pet
Status code is : 200
Response body is: {"id":103,"name":"Sparrow","photoUrls":[],"tags":[],"status":"available"}
id is :103
name is :Sparrow
Status is :available
]]></system-out>
  </testcase>
  <testcase name="UpdatePetInStore[100, Hund, sold](1)" classname="ApiMethods.UpdatePetInStoreWithFormData" time="0.637">
    <system-out><![CDATA[Updating a pet details
Status code is : 200
Response body is: {"id":100,"name":"Hund","photoUrls":[],"tags":[],"status":"sold"}
id is :100
name is :Hund
Status is :sold
]]></system-out>
  </testcase>
  <testcase name="UpdatePetInStore[101, Katze-new, pending](2)" classname="ApiMethods.UpdatePetInStoreWithFormData" time="0.713">
    <system-out><![CDATA[Updating a pet details
Status code is : 200
Response body is: {"id":101,"name":"Katze-new","photoUrls":[],"tags":[],"status":"pending"}
id is :101
name is :Katze-new
Status is :pending
]]></system-out>
  </testcase>
  <testcase name="UpdatePetInStore[102, Parrot-new, available](3)" classname="ApiMethods.UpdatePetInStoreWithFormData" time="0.615">
    <system-out><![CDATA[Updating a pet details
Status code is : 200
Response body is: {"id":102,"name":"Parrot-new","photoUrls":[],"tags":[],"status":"available"}
id is :102
name is :Parrot-new
Status is :available
]]></system-out>
  </testcase>
  <testcase name="UpdatePetInStore[103, Sparrow-new, available](4)" classname="ApiMethods.UpdatePetInStoreWithFormData" time="0.615">
    <system-out><![CDATA[Updating a pet details
Status code is : 200
Response body is: {"id":103,"name":"Sparrow-new","photoUrls":[],"tags":[],"status":"available"}
id is :103
name is :Sparrow-new
Status is :available
]]></system-out>
  </testcase>
  <testcase name="FindPetWithStatus[status=pending](1)" classname="ApiMethods.FindPetsByStatus" time="0.591">
    <system-out><![CDATA[Finding a pet by Status
Response body is: [{"id":1796,"category":{"id":101,"name":"testcategory"},"name":"getcat","photoUrls":["a.png","b.png"],"tags":[{"id":102,"name":"testtag1"},{"id":103,"name":"testtag2"}],"status":"pending"},{"id":1501,"category":{"id":101,"name":"testcategory"},"name":"getcat","photoUrls":["a.png","b.png"],"tags":[{"id":102,"name":"testtag1"},{"id":103,"name":"testtag2"}],"status":"pending"},{"id":66344018,"category":{"id":49017022,"name":"Dimple"},"name":"Candy Barr","photoUrls":["www.abernathyinc.net"],"tags":[{"id":63926138,"name":"Ward"}],"status":"pending"},{"id":101,"name":"Katze-new","photoUrls":[],"tags":[],"status":"pending"}]
Status code is : 200
Content Type : application/json
]]></system-out>
  </testcase>
  <testcase name="FindPetWithStatus[status=sold](2)" classname="ApiMethods.FindPetsByStatus" time="0.638">
    <system-out><![CDATA[Finding a pet by Status
Response body is: [{"id":54092939,"category":{"id":-19780149,"name":"veniam sit eu velit"},"name":"{{random_name}}","photoUrls":["id laboris amet","adipisicing mollit"],"tags":[{"id":6202487,"name":"officia"},{"id":54987974,"name":"irure"}],"status":"sold"},{"id":1243,"category":{"id":101,"name":"testcategory"},"name":"valueimplcat","photoUrls":["a.png","b.png"],"tags":[{"id":102,"name":"testtag1"},{"id":103,"name":"testtag2"}],"status":"sold"},{"id":9223127516080504588,"name":"doggie","photoUrls":[],"tags":[],"status":"sold"},{"id":60453315,"category":{"id":63343835,"name":"Alfonzo"},"name":"Jasmine Flowers","photoUrls":["www.bergnaumgroup.net"],"tags":[{"id":44948687,"name":"Hickle"}],"status":"sold"},{"id":53186648,"category":{"id":8355308,"name":"Meagan"},"name":"Phil A. Delphia","photoUrls":["www.price-greenfelder.info"],"tags":[{"id":25176736,"name":"Walker"}],"status":"sold"},{"id":78654422,"category":{"id":32009075,"name":"Jeni"},"name":"Ty Tannick","photoUrls":["www.donnellywehnerandgaylord.com"],"tags":[{"id":59025207,"name":"Stoltenberg"}],"status":"sold"},{"id":9223127516080504647,"name":"doggie","photoUrls":[],"tags":[],"status":"sold"},{"id":10001,"category":{"id":1,"name":"c"},"name":"doggie","photoUrls":[""],"tags":[{"id":1,"name":"dt"}],"status":"sold"},{"id":100,"name":"Hund","photoUrls":[],"tags":[],"status":"sold"}]
Status code is : 200
Content Type : application/json
]]></system-out>
  </testcase>
  <testcase name="FindPetWithStatus[status=available](3)" classname="ApiMethods.FindPetsByStatus" time="2.218">
    <system-out><![CDATA[Finding a pet by Status
Response body is: [{"id":9223127516080504319,"category":{"id":0,"name":"string"},"name":"fish","photoUrls":["string"],"tags":[{"id":0,"name":"string"}],"status":"available"},{"id":9223127516080504320,"category":{"id":0,"name":"string"},"name":"fish","photoUrls":["string"],"tags":[{"id":0,"name":"string"}],"status":"available"},{"id":9223127516080504321,"category":{"id":0,"name":"string"},"name":"fish","photoUrls":["string"],"tags":[{"id":0,"name":"string"}],"status":"available"},{"id":9223127516080504322,"category":{"id":0,"name":"string"},"name":"fish","photoUrls":["string"],"tags":[{"id":0,"name":"string"}],"status":"available"},{"id":9223127516080504323,"category":{"id":0,"name":"string"},"name":"fish","photoUrls":["string"],"tags":[{"id":0,"name":"string"}],"status":"available"},{"id":9223127516080504324,"category":{"id":0,"name":"string"},"name":"doggie","photoUrls":["string"],"tags":[{"id":0,"name":"string"}],"status":"available"},{"id":9223127516080504325,"category":{"id":0,"name":"string"},"name":"fish","photoUrls":["string"],"tags":[{"id":0,"name":"string"}],"status":"available"},{"id":9223127516080504326,"category":{"id":0,"name":"string"},"name":"fish","photoUrls":["string"],"tags":[{"id":0,"name":"string"}],"status":"available"},{"id":9223127516080504327,"category":{"id":0,"name":"string"},"name":"doggie","photoUrls":["string"],"tags":[{"id":0,"name":"string"}],"status":"available"},{"id":9223127516080504328,"category":{"id":0,"name":"string"},"name":"doggie","photoUrls":["string"],"tags":[{"id":0,"name":"string"}],"status":"available"},{"id":9223127516080504329,"category":{"id":0,"name":"string"},"name":"doggie","photoUrls":["string"],"tags":[{"id":0,"name":"string"}],"status":"available"},{"id":9223127516080504330,"category":{"id":0,"name":"string"},"name":"doggie","photoUrls":["string"],"tags":[{"id":0,"name":"string"}],"status":"available"},{"id":9223127516080504331,"category":{"id":0,"name":"string"},"name":"doggie","photoUrls":["string"],"tags":[{"id":0,"name":"string"}],"status":"available"},{"id":9223127516080504332,"category":{"id":0,"name":"string"},"name":"doggie","photoUrls":["string"],"tags":[{"id":0,"name":"string"}],"status":"available"},{"id":9223127516080504338,"category":{"id":0,"name":"string"},"name":"fish","photoUrls":["string"],"tags":[{"id":0,"name":"string"}],"status":"available"},{"id":9223127516080504339,"category":{"id":0,"name":"string"},"name":"fish","photoUrls":["string"],"tags":[{"id":0,"name":"string"}],"status":"available"},{"id":9223127516080504344,"category":{"id":0,"name":"string"},"name":"fish","photoUrls":["string"],"tags":[{"id":0,"name":"string"}],"status":"available"},{"id":9223127516080504345,"category":{"id":0,"name":"string"},"name":"Puff","photoUrls":["string"],"tags":[{"id":0,"name":"string"}],"status":"available"},{"id":9223127516080504347,"category":{"id":0,"name":"string"},"name":"fish","photoUrls":["string"],"tags":[{"id":0,"name":"string"}],"status":"available"},{"id":9223127516080504348,"category":{"id":0,"name":"string"},"name":"fish","photoUrls":["string"],"tags":[{"id":0,"name":"string"}],"status":"available"},{"id":9223127516080504349,"category":{"id":0,"name":"string"},"name":"fish","photoUrls":["string"],"tags":[{"id":0,"name":"string"}],"status":"available"},{"id":9223127516080504350,"category":{"id":0,"name":"string"},"name":"test","photoUrls":["string"],"tags":[{"id":0,"name":"string"}],"status":"available"},{"id":9223127516080504351,"category":{"id":0,"name":"string"},"name":"test","photoUrls":["string"],"tags":[{"id":0,"name":"string"}],"status":"available"},{"id":9223127516080504352,"category":{"id":0,"name":"string"},"name":"test","photoUrls":["string"],"tags":[{"id":0,"name":"string"}],"status":"available"},{"id":9223127516080504353,"category":{"id":0,"name":"string"},"name":"fish","photoUrls":["string"],"tags":[{"id":0,"name":"string"}],"status":"available"},{"id":9223127516080504354,"category":{"id":0,"name":"string"},"name":"fish","photoUrls":["string"],"tags":[{"id":0,"name":"string"}],"status":"available"},{"id":9223127516080504355,"category":{"id":0,"name":"string"},"name":"fish","photoUrls":["string"],"tags":[{"id":0,"name":"string"}],"status":"available"},{"id":9223127516080504356,"category":{"id":0,"name":"string"},"name":"doggie","photoUrls":["string"],"tags":[{"id":0,"name":"string"}],"status":"available"},{"id":9223127516080504357,"category":{"id":0,"name":"string"},"name":"doggie","photoUrls":["string"],"tags":[{"id":0,"name":"string"}],"status":"available"},{"id":9223127516080504358,"category":{"id":0,"name":"string"},"name":"doggie","photoUrls":["string"],"tags":[{"id":0,"name":"string"}],"status":"available"},{"id":9223127516080504359,"category":{"id":0,"name":"string"},"name":"doggie","photoUrls":["string"],"tags":[{"id":0,"name":"string"}],"status":"available"},{"id":9223127516080504360,"category":{"id":0,"name":"string"},"name":"doggie","photoUrls":["string"],"tags":[{"id":0,"name":"string"}],"status":"available"},{"id":9223127516080504361,"category":{"id":0,"name":"string"},"name":"doggie","photoUrls":["string"],"tags":[{"id":0,"name":"string"}],"status":"available"},{"id":9223127516080504368,"category":{"id":0,"name":"string"},"name":"fish","photoUrls":["string"],"tags":[{"id":0,"name":"string"}],"status":"available"},{"id":9223127516080504369,"category":{"id":0,"name":"string"},"name":"fish","photoUrls":["string"],"tags":[{"id":0,"name":"string"}],"status":"available"},{"id":9223127516080504374,"category":{"id":0,"name":"string"},"name":"Puff","photoUrls":["string"],"tags":[{"id":0,"name":"string"}],"status":"available"},{"id":9223127516080504375,"category":{"id":0,"name":"string"},"name":"fish","photoUrls":["string"],"tags":[{"id":0,"name":"string"}],"status":"available"},{"id":9223127516080504376,"category":{"id":0,"name":"string"},"name":"fish","photoUrls":["string"],"tags":[{"id":0,"name":"string"}],"status":"available"},{"id":9223127516080504377,"category":{"id":0,"name":"string"},"name":"fish","photoUrls":["string"],"tags":[{"id":0,"name":"string"}],"status":"available"},{"id":9223127516080504378,"category":{"id":0,"name":"string"},"name":"fish","photoUrls":["string"],"tags":[{"id":0,"name":"string"}],"status":"available"},{"id":9223127516080504379,"category":{"id":0,"name":"string"},"name":"fish","photoUrls":["string"],"tags":[{"id":0,"name":"string"}],"status":"available"},{"id":9223127516080504380,"category":{"id":0,"name":"string"},"name":"fish","photoUrls":["string"],"tags":[{"id":0,"name":"string"}],"status":"available"},{"id":9223127516080504381,"category":{"id":0,"name":"string"},"name":"fish","photoUrls":["string"],"tags":[{"id":0,"name":"string"}],"status":"available"},{"id":9223127516080504382,"category":{"id":0,"name":"string"},"name":"doggie","photoUrls":["string"],"tags":[{"id":0,"name":"string"}],"status":"available"},{"id":9223127516080504383,"category":{"id":0,"name":"string"},"name":"doggie","photoUrls":["string"],"tags":[{"id":0,"name":"string"}],"status":"available"},{"id":9223127516080504384,"category":{"id":0,"name":"string"},"name":"doggie","photoUrls":["string"],"tags":[{"id":0,"name":"string"}],"status":"available"},{"id":9223127516080504385,"category":{"id":0,"name":"string"},"name":"doggie","photoUrls":["string"],"tags":[{"id":0,"name":"string"}],"status":"available"},{"id":9223127516080504386,"category":{"id":0,"name":"string"},"name":"doggie","photoUrls":["string"],"tags":[{"id":0,"name":"string"}],"status":"available"},{"id":9223127516080504387,"category":{"id":0,"name":"string"},"name":"doggie","photoUrls":["string"],"tags":[{"id":0,"name":"string"}],"status":"available"},{"id":9223127516080504388,"category":{"id":0,"name":"string"},"name":"doggie","photoUrls":["string"],"tags":[{"id":0,"name":"string"}],"status":"available"},{"id":9223127516080504394,"category":{"id":0,"name":"string"},"name":"fish","photoUrls":["string"],"tags":[{"id":0,"name":"string"}],"status":"available"},{"id":9223127516080504395,"category":{"id":0,"name":"string"},"name":"fish","photoUrls":["string"],"tags":[{"id":0,"name":"string"}],"status":"available"},{"id":9223127516080504400,"category":{"id":0,"name":"string"},"name":"Puff","photoUrls":["string"],"tags":[{"id":0,"name":"string"}],"status":"available"},{"id":9223127516080504403,"category":{"id":0,"name":"string"},"name":"fish","photoUrls":["string"],"tags":[{"id":0,"name":"string"}],"status":"available"},{"id":9223127516080504404,"category":{"id":0,"name":"string"},"name":"fish","photoUrls":["string"],"tags":[{"id":0,"name":"string"}],"status":"available"},{"id":9223127516080504405,"category":{"id":0,"name":"string"},"name":"fish","photoUrls":["string"],"tags":[{"id":0,"name":"string"}],"status":"available"},{"id":9223127516080504406,"category":{"id":0,"name":"Jerry"},"name":"Mouse","photoUrls":["string"],"tags":[{"id":0,"name":"Mouse"}],"status":"available"},{"id":9223127516080504407,"category":{"id":0,"name":"string"},"name":"fish","photoUrls":["string"],"tags":[{"id":0,"name":"string"}],"status":"available"},{"id":9223127516080504408,"category":{"id":0,"name":"string"},"name":"fish","photoUrls":["string"],"tags":[{"id":0,"name":"string"}],"status":"available"},{"id":9223127516080504409,"category":{"id":0,"name":"string"},"name":"fish","photoUrls":["string"],"tags":[{"id":0,"name":"string"}],"status":"available"},{"id":9223127516080504410,"category":{"id":0,"name":"string"},"name":"fish","photoUrls":["string"],"tags":[{"id":0,"name":"string"}],"status":"available"},{"id":9223127516080504411,"category":{"id":0,"name":"string"},"name":"fish","photoUrls":["string"],"tags":[{"id":0,"name":"string"}],"status":"available"},{"id":9223127516080504412,"category":{"id":0,"name":"string"},"name":"doggie","photoUrls":["string"],"tags":[{"id":0,"name":"string"}],"status":"available"},{"id":9223127516080504413,"category":{"id":0,"name":"string"},"name":"doggie","photoUrls":["string"],"tags":[{"id":0,"name":"string"}],"status":"available"},{"id":9223127516080504414,"category":{"id":0,"name":"string"},"name":"doggie","photoUrls":["string"],"tags":[{"id":0,"name":"string"}],"status":"available"},{"id":9223127516080504415,"category":{"id":0,"name":"string"},"name":"doggie","photoUrls":["string"],"tags":[{"id":0,"name":"string"}],"status":"available"},{"id":9223127516080504416,"category":{"id":0,"name":"string"},"name":"doggie","photoUrls":["string"],"tags":[{"id":0,"name":"string"}],"status":"available"},{"id":9223127516080504417,"category":{"id":0,"name":"string"},"name":"doggie","photoUrls":["string"],"tags":[{"id":0,"name":"string"}],"status":"available"},{"id":9223127516080504422,"category":{"id":0,"name":"string"},"name":"fish","photoUrls":["string"],"tags":[{"id":0,"name":"string"}],"status":"available"},{"id":9223127516080504424,"category":{"id":0,"name":"string"},"name":"fish","photoUrls":["string"],"tags":[{"id":0,"name":"string"}],"status":"available"},{"id":9223127516080504429,"category":{"id":0,"name":"string"},"name":"fish","photoUrls":["string"],"tags":[{"id":0,"name":"string"}],"status":"available"},{"id":9223127516080504432,"category":{"id":0,"name":"string"},"name":"Puff","photoUrls":["string"],"tags":[{"id":0,"name":"string"}],"status":"available"},{"id":9223127516080504433,"category":{"id":0,"name":"string"},"name":"fish","photoUrls":["string"],"tags":[{"id":0,"name":"string"}],"status":"available"},{"id":9223127516080504434,"category":{"id":0,"name":"string"},"name":"fish","photoUrls":["string"],"tags":[{"id":0,"name":"string"}],"status":"available"},{"id":9223127516080504435,"category":{"id":0,"name":"string"},"name":"fish","photoUrls":["string"],"tags":[{"id":0,"name":"string"}],"status":"available"},{"id":9223127516080504438,"category":{"id":0,"name":"string"},"name":"test","photoUrls":["string"],"tags":[{"id":0,"name":"string"}],"status":"available"},{"id":9223127516080504439,"category":{"id":0,"name":"string"},"name":"test","photoUrls":["string"],"tags":[{"id":0,"name":"string"}],"status":"available"},{"id":9223127516080504440,"category":{"id":0,"name":"string"},"name":"test","photoUrls":["string"],"tags":[{"id":0,"name":"string"}],"status":"available"},{"id":9223127516080504441,"category":{"id":0,"name":"string"},"name":"fish","photoUrls":["string"],"tags":[{"id":0,"name":"string"}],"status":"available"},{"id":9223127516080504442,"category":{"id":0,"name":"string"},"name":"fish","photoUrls":["string"],"tags":[{"id":0,"name":"string"}],"status":"available"},{"id":9223127516080504443,"category":{"id":0,"name":"string"},"name":"doggie","photoUrls":["string"],"tags":[{"id":0,"name":"string"}],"status":"available"},{"id":9223127516080504444,"category":{"id":0,"name":"string"},"name":"doggie","photoUrls":["string"],"tags":[{"id":0,"name":"string"}],"status":"available"},{"id":9223127516080504445,"category":{"id":0,"name":"string"},"name":"doggie","photoUrls":["string"],"tags":[{"id":0,"name":"string"}],"status":"available"},{"id":9223127516080504446,"category":{"id":0,"name":"string"},"name":"doggie","photoUrls":["string"],"tags":[{"id":0,"name":"string"}],"status":"available"},{"id":9223127516080504447,"category":{"id":0,"name":"string"},"name":"doggie","photoUrls":["string"],"tags":[{"id":0,"name":"string"}],"status":"available"},{"id":9223127516080504448,"category":{"id":0,"name":"string"},"name":"doggie","photoUrls":["string"],"tags":[{"id":0,"name":"string"}],"status":"available"},{"id":9223127516080504449,"category":{"id":0,"name":"string"},"name":"fish","photoUrls":["string"],"tags":[{"id":0,"name":"string"}],"status":"available"},{"id":9223127516080504450,"category":{"id":0,"name":"string"},"name":"doggie","photoUrls":["string"],"tags":[{"id":0,"name":"string"}],"status":"available"},{"id":9223127516080504451,"category":{"id":0,"name":"string"},"name":"fish","photoUrls":["string"],"tags":[{"id":0,"name":"string"}],"status":"available"},{"id":9223127516080504457,"category":{"id":0,"name":"string"},"name":"fish","photoUrls":["string"],"tags":[{"id":0,"name":"string"}],"status":"available"},{"id":9223127516080504458,"category":{"id":0,"name":"string"},"name":"fish","photoUrls":["string"],"tags":[{"id":0,"name":"string"}],"status":"available"},{"id":9223127516080504463,"category":{"id":0,"name":"string"},"name":"Puff","photoUrls":["string"],"tags":[{"id":0,"name":"string"}],"status":"available"},{"id":9223127516080504465,"category":{"id":0,"name":"string"},"name":"fish","photoUrls":["string"],"tags":[{"id":0,"name":"string"}],"status":"available"},{"id":9223127516080504466,"category":{"id":0,"name":"string"},"name":"fish","photoUrls":["string"],"tags":[{"id":0,"name":"string"}],"status":"available"},{"id":9223127516080504467,"category":{"id":0,"name":"string"},"name":"fish","photoUrls":["string"],"tags":[{"id":0,"name":"string"}],"status":"available"},{"id":9223127516080504468,"category":{"id":0,"name":"string"},"name":"fish","photoUrls":["string"],"tags":[{"id":0,"name":"string"}],"status":"available"},{"id":9223127516080504471,"category":{"id":0,"name":"string"},"name":"fish","photoUrls":["string"],"tags":[{"id":0,"name":"string"}],"status":"available"},{"id":9223127516080504472,"category":{"id":0,"name":"string"},"name":"fish","photoUrls":["string"],"tags":[{"id":0,"name":"string"}],"status":"available"},{"id":9223127516080504473,"category":{"id":0,"name":"string"},"name":"fish","photoUrls":["string"],"tags":[{"id":0,"name":"string"}],"status":"available"},{"id":9223127516080504474,"category":{"id":0,"name":"string"},"name":"doggie","photoUrls":["string"],"tags":[{"id":0,"name":"string"}],"status":"available"},{"id":9223127516080504475,"category":{"id":0,"name":"string"},"name":"doggie","photoUrls":["string"],"tags":[{"id":0,"name":"string"}],"status":"available"},{"id":9223127516080504476,"category":{"id":0,"name":"string"},"name":"doggie","photoUrls":["string"],"tags":[{"id":0,"name":"string"}],"status":"available"},{"id":9223127516080504477,"category":{"id":0,"name":"string"},"name":"doggie","photoUrls":["string"],"tags":[{"id":0,"name":"string"}],"status":"available"},{"id":9223127516080504478,"category":{"id":0,"name":"string"},"name":"doggie","photoUrls":["string"],"tags":[{"id":0,"name":"string"}],"status":"available"},{"id":9223127516080504479,"category":{"id":0,"name":"string"},"name":"doggie","photoUrls":["string"],"tags":[{"id":0,"name":"string"}],"status":"available"},{"id":9223127516080504481,"category":{"id":0,"name":"string"},"name":"doggie","photoUrls":["string"],"tags":[{"id":0,"name":"string"}],"status":"available"},{"id":9223127516080504482,"category":{"id":0,"name":"string"},"name":"doggie","photoUrls":["string"],"tags":[{"id":0,"name":"string"}],"status":"available"},{"id":9223127516080504483,"category":{"id":0,"name":"string"},"name":"doggie","photoUrls":["string"],"tags":[{"id":0,"name":"string"}],"status":"available"},{"id":9223127516080504489,"category":{"id":0,"name":"string"},"name":"fish","photoUrls":["string"],"tags":[{"id":0,"name":"string"}],"status":"available"},{"id":9223127516080504492,"category":{"id":0,"name":"string"},"name":"fish","photoUrls":["string"],"tags":[{"id":0,"name":"string"}],"status":"available"},{"id":112233,"category":{"id":30,"name":"Eq-dog"},"name":"Postman","photoUrls":["URLLink"],"tags":[{"id":10,"name":"Doberman"}],"status":"available"},{"id":9223127516080504495,"category":{"id":0,"name":"string"},"name":"Puff","photoUrls":["string"],"tags":[{"id":0,"name":"string"}],"status":"available"},{"id":9223127516080504497,"category":{"id":0,"name":"string"},"name":"fish","photoUrls":["string"],"tags":[{"id":0,"name":"string"}],"status":"available"},{"id":9223127516080504498,"category":{"id":0,"name":"string"},"name":"fish","photoUrls":["string"],"tags":[{"id":0,"name":"string"}],"status":"available"},{"id":9223127516080504499,"category":{"id":0,"name":"string"},"name":"fish","photoUrls":["string"],"tags":[{"id":0,"name":"string"}],"status":"available"},{"id":9223127516080504500,"category":{"id":0,"name":"string"},"name":"fish","photoUrls":["string"],"tags":[{"id":0,"name":"string"}],"status":"available"},{"id":9223127516080504501,"category":{"id":0,"name":"string"},"name":"fish","photoUrls":["string"],"tags":[{"id":0,"name":"string"}],"status":"available"},{"id":900626564,"category":{"id":0,"name":"string"},"name":"bb","photoUrls":["string"],"tags":[{"id":0,"name":"string"}],"status":"available"},{"id":9223127516080504502,"category":{"id":0,"name":"string"},"name":"fish","photoUrls":["string"],"tags":[{"id":0,"name":"string"}],"status":"available"},{"id":9223127516080504503,"category":{"id":0,"name":"string"},"name":"doggie","photoUrls":["string"],"tags":[{"id":0,"name":"string"}],"status":"available"},{"id":9223127516080504504,"category":{"id":0,"name":"string"},"name":"doggie","photoUrls":["string"],"tags":[{"id":0,"name":"string"}],"status":"available"},{"id":9223127516080504505,"category":{"id":0,"name":"string"},"name":"doggie","photoUrls":["string"],"tags":[{"id":0,"name":"string"}],"status":"available"},{"id":9223127516080504506,"category":{"id":0,"name":"string"},"name":"doggie","photoUrls":["string"],"tags":[{"id":0,"name":"string"}],"status":"available"},{"id":1465,"category":{"id":101,"name":"testcategory"},"name":"testpet","photoUrls":["photo1.png","photo2.png"],"tags":[{"id":102,"name":"testtag1"},{"id":103,"name":"testtag2"}],"status":"available"},{"id":9223127516080504507,"category":{"id":0,"name":"string"},"name":"doggie","photoUrls":["string"],"tags":[{"id":0,"name":"string"}],"status":"available"},{"id":9223127516080504508,"category":{"id":0,"name":"string"},"name":"fish","photoUrls":["string"],"tags":[{"id":0,"name":"string"}],"status":"available"},{"id":9223127516080504509,"category":{"id":0,"name":"string"},"name":"doggie","photoUrls":["string"],"tags":[{"id":0,"name":"string"}],"status":"available"},{"id":9223127516080504510,"category":{"id":0,"name":"string"},"name":"doggie","photoUrls":["string"],"tags":[{"id":0,"name":"string"}],"status":"available"},{"id":1913,"category":{"id":101,"name":"testcategory"},"name":"getcatinput","photoUrls":["c.png","d.png"],"tags":[{"id":102,"name":"testtag1"},{"id":103,"name":"testtag2"}],"status":"available"},{"id":9223127516080504516,"category":{"id":0,"name":"string"},"name":"fish","photoUrls":["string"],"tags":[{"id":0,"name":"string"}],"status":"available"},{"id":9223127516080504517,"category":{"id":0,"name":"string"},"name":"fish","photoUrls":["string"],"tags":[{"id":0,"name":"string"}],"status":"available"},{"id":9223127516080504522,"category":{"id":0,"name":"string"},"name":"fish","photoUrls":["string"],"tags":[{"id":0,"name":"string"}],"status":"available"},{"id":9223127516080504523,"category":{"id":0,"name":"string"},"name":"Puff","photoUrls":["string"],"tags":[{"id":0,"name":"string"}],"status":"available"},{"id":9223127516080504525,"category":{"id":0,"name":"string"},"name":"fish","photoUrls":["string"],"tags":[{"id":0,"name":"string"}],"status":"available"},{"id":9223127516080504526,"category":{"id":0,"name":"string"},"name":"fish","photoUrls":["string"],"tags":[{"id":0,"name":"string"}],"status":"available"},{"id":9223127516080504527,"category":{"id":0,"name":"string"},"name":"fish","photoUrls":["string"],"tags":[{"id":0,"name":"string"}],"status":"available"},{"id":9223127516080504528,"category":{"id":0,"name":"string"},"name":"test","photoUrls":["string"],"tags":[{"id":0,"name":"string"}],"status":"available"},{"id":9223127516080504529,"category":{"id":0,"name":"string"},"name":"test","photoUrls":["string"],"tags":[{"id":0,"name":"string"}],"status":"available"},{"id":9223127516080504530,"category":{"id":0,"name":"string"},"name":"test","photoUrls":["string"],"tags":[{"id":0,"name":"string"}],"status":"available"},{"id":1758,"category":{"id":101,"name":"testcategory"},"name":"testpet","photoUrls":["photo1.png","photo2.png"],"tags":[{"id":102,"name":"testtag1"},{"id":103,"name":"testtag2"}],"status":"available"},{"id":9223127516080504531,"category":{"id":0,"name":"string"},"name":"fish","photoUrls":["string"],"tags":[{"id":0,"name":"string"}],"status":"available"},{"id":9223127516080504532,"category":{"id":0,"name":"string"},"name":"fish","photoUrls":["string"],"tags":[{"id":0,"name":"string"}],"status":"available"},{"id":9223127516080504533,"category":{"id":0,"name":"string"},"name":"fish","photoUrls":["string"],"tags":[{"id":0,"name":"string"}],"status":"available"},{"id":9223127516080504534,"category":{"id":0,"name":"string"},"name":"doggie","photoUrls":["string"],"tags":[{"id":0,"name":"string"}],"status":"available"},{"id":9223127516080504535,"category":{"id":0,"name":"string"},"name":"doggie","photoUrls":["string"],"tags":[{"id":0,"name":"string"}],"status":"available"},{"id":9223127516080504536,"category":{"id":0,"name":"string"},"name":"doggie","photoUrls":["string"],"tags":[{"id":0,"name":"string"}],"status":"available"},{"id":9223127516080504537,"category":{"id":0,"name":"string"},"name":"doggie","photoUrls":["string"],"tags":[{"id":0,"name":"string"}],"status":"available"},{"id":9223127516080504538,"category":{"id":0,"name":"string"},"name":"doggie","photoUrls":["string"],"tags":[{"id":0,"name":"string"}],"status":"available"},{"id":9223127516080504539,"category":{"id":0,"name":"string"},"name":"doggie","photoUrls":["string"],"tags":[{"id":0,"name":"string"}],"status":"available"},{"id":9223127516080504546,"category":{"id":0,"name":"string"},"name":"fish","photoUrls":["string"],"tags":[{"id":0,"name":"string"}],"status":"available"},{"id":9223127516080504547,"category":{"id":0,"name":"string"},"name":"fish","photoUrls":["string"],"tags":[{"id":0,"name":"string"}],"status":"available"},{"id":9223127516080504553,"category":{"id":0,"name":"string"},"name":"Puff","photoUrls":["string"],"tags":[{"id":0,"name":"string"}],"status":"available"},{"id":9223127516080504554,"category":{"id":0,"name":"string"},"name":"fish","photoUrls":["string"],"tags":[{"id":0,"name":"string"}],"status":"available"},{"id":9223127516080504555,"category":{"id":0,"name":"string"},"name":"fish","photoUrls":["string"],"tags":[{"id":0,"name":"string"}],"status":"available"},{"id":9223127516080504556,"category":{"id":0,"name":"string"},"name":"fish","photoUrls":["string"],"tags":[{"id":0,"name":"string"}],"status":"available"},{"id":9223127516080504557,"category":{"id":0,"name":"string"},"name":"fish","photoUrls":["string"],"tags":[{"id":0,"name":"string"}],"status":"available"},{"id":817001746,"category":{"id":0,"name":"string"},"name":"bb","photoUrls":["string"],"tags":[{"id":0,"name":"string"}],"status":"available"},{"id":9223127516080504558,"category":{"id":0,"name":"string"},"name":"fish","photoUrls":["string"],"tags":[{"id":0,"name":"string"}],"status":"available"},{"id":9223127516080504559,"category":{"id":0,"name":"string"},"name":"fish","photoUrls":["string"],"tags":[{"id":0,"name":"string"}],"status":"available"},{"id":9223127516080504560,"category":{"id":0,"name":"string"},"name":"fish","photoUrls":["string"],"tags":[{"id":0,"name":"string"}],"status":"available"},{"id":9223127516080504561,"category":{"id":0,"name":"string"},"name":"doggie","photoUrls":["string"],"tags":[{"id":0,"name":"string"}],"status":"available"},{"id":9223127516080504562,"category":{"id":0,"name":"string"},"name":"doggie","photoUrls":["string"],"tags":[{"id":0,"name":"string"}],"status":"available"},{"id":9223127516080504563,"category":{"id":0,"name":"string"},"name":"doggie","photoUrls":["string"],"tags":[{"id":0,"name":"string"}],"status":"available"},{"id":9223127516080504564,"category":{"id":0,"name":"string"},"name":"doggie","photoUrls":["string"],"tags":[{"id":0,"name":"string"}],"status":"available"},{"id":9223127516080504565,"category":{"id":0,"name":"string"},"name":"doggie","photoUrls":["string"],"tags":[{"id":0,"name":"string"}],"status":"available"},{"id":9223127516080504566,"category":{"id":0,"name":"string"},"name":"doggie","photoUrls":["string"],"tags":[{"id":0,"name":"string"}],"status":"available"},{"id":9223127516080504567,"category":{"id":0,"name":"string"},"name":"doggie","photoUrls":["string"],"tags":[{"id":0,"name":"string"}],"status":"available"},{"id":9223127516080504568,"category":{"id":0,"name":"string"},"name":"doggie","photoUrls":["string"],"tags":[{"id":0,"name":"string"}],"status":"available"},{"id":9223127516080504569,"category":{"id":0,"name":"string"},"name":"doggie","photoUrls":["string"],"tags":[{"id":0,"name":"string"}],"status":"available"},{"id":9223127516080504570,"category":{"id":0,"name":"string"},"name":"doggie","photoUrls":["string"],"tags":[{"id":0,"name":"string"}],"status":"available"},{"id":9223127516080504576,"category":{"id":0,"name":"string"},"name":"fish","photoUrls":["string"],"tags":[{"id":0,"name":"string"}],"status":"available"},{"id":9223127516080504577,"category":{"id":0,"name":"string"},"name":"fish","photoUrls":["string"],"tags":[{"id":0,"name":"string"}],"status":"available"},{"id":9223127516080504582,"category":{"id":0,"name":"string"},"name":"Puff","photoUrls":["string"],"tags":[{"id":0,"name":"string"}],"status":"available"},{"id":9223127516080504584,"category":{"id":0,"name":"string"},"name":"fish","photoUrls":["string"],"tags":[{"id":0,"name":"string"}],"status":"available"},{"id":9223127516080504585,"category":{"id":0,"name":"string"},"name":"fish","photoUrls":["string"],"tags":[{"id":0,"name":"string"}],"status":"available"},{"id":9223127516080504586,"category":{"id":0,"name":"string"},"name":"fish","photoUrls":["string"],"tags":[{"id":0,"name":"string"}],"status":"available"},{"id":9223127516080504587,"category":{"id":0,"name":"string"},"name":"fish","photoUrls":["string"],"tags":[{"id":0,"name":"string"}],"status":"available"},{"id":9223127516080504589,"category":{"id":0,"name":"string"},"name":"fish","photoUrls":["string"],"tags":[{"id":0,"name":"string"}],"status":"available"},{"id":9223127516080504590,"category":{"id":0,"name":"string"},"name":"fish","photoUrls":["string"],"tags":[{"id":0,"name":"string"}],"status":"available"},{"id":9223127516080504591,"category":{"id":0,"name":"string"},"name":"fish","photoUrls":["string"],"tags":[{"id":0,"name":"string"}],"status":"available"},{"id":9223127516080504592,"category":{"id":0,"name":"string"},"name":"fish","photoUrls":["string"],"tags":[{"id":0,"name":"string"}],"status":"available"},{"id":9223127516080504593,"category":{"id":0,"name":"string"},"name":"doggie","photoUrls":["string"],"tags":[{"id":0,"name":"string"}],"status":"available"},{"id":9223127516080504594,"category":{"id":0,"name":"string"},"name":"doggie","photoUrls":["string"],"tags":[{"id":0,"name":"string"}],"status":"available"},{"id":9223127516080504595,"category":{"id":0,"name":"string"},"name":"doggie","photoUrls":["string"],"tags":[{"id":0,"name":"string"}],"status":"available"},{"id":9223127516080504596,"category":{"id":0,"name":"string"},"name":"doggie","photoUrls":["string"],"tags":[{"id":0,"name":"string"}],"status":"available"},{"id":9223127516080504597,"category":{"id":0,"name":"string"},"name":"doggie","photoUrls":["string"],"tags":[{"id":0,"name":"string"}],"status":"available"},{"id":9223127516080504598,"category":{"id":0,"name":"string"},"name":"doggie","photoUrls":["string"],"tags":[{"id":0,"name":"string"}],"status":"available"},{"id":9223127516080504603,"category":{"id":0,"name":"string"},"name":"fish","photoUrls":["string"],"tags":[{"id":0,"name":"string"}],"status":"available"},{"id":9223127516080504605,"category":{"id":0,"name":"string"},"name":"fish","photoUrls":["string"],"tags":[{"id":0,"name":"string"}],"status":"available"},{"id":9223127516080504610,"category":{"id":0,"name":"string"},"name":"fish","photoUrls":["string"],"tags":[{"id":0,"name":"string"}],"status":"available"},{"id":9223127516080504611,"category":{"id":0,"name":"string"},"name":"Puff","photoUrls":["string"],"tags":[{"id":0,"name":"string"}],"status":"available"},{"id":9223127516080504613,"category":{"id":0,"name":"string"},"name":"fish","photoUrls":["string"],"tags":[{"id":0,"name":"string"}],"status":"available"},{"id":9223127516080504614,"category":{"id":1,"name":"category"},"name":"horse","photoUrls":["https://thehorse.com/19534/"],"tags":[{"id":3,"name":"horse"}],"status":"available"},{"id":9223127516080504615,"category":{"id":0,"name":"string"},"name":"fish","photoUrls":["string"],"tags":[{"id":0,"name":"string"}],"status":"available"},{"id":9223127516080504616,"category":{"id":0,"name":"string"},"name":"fish","photoUrls":["string"],"tags":[{"id":0,"name":"string"}],"status":"available"},{"id":9223127516080504617,"category":{"id":0,"name":"string"},"name":"test","photoUrls":["string"],"tags":[{"id":0,"name":"string"}],"status":"available"},{"id":9223127516080504618,"category":{"id":0,"name":"string"},"name":"test","photoUrls":["string"],"tags":[{"id":0,"name":"string"}],"status":"available"},{"id":9223127516080504619,"category":{"id":0,"name":"string"},"name":"test","photoUrls":["string"],"tags":[{"id":0,"name":"string"}],"status":"available"},{"id":5607188,"category":{"id":70792665,"name":"Damon"},"name":"Howard I. No","photoUrls":["www.abbottandsons.com"],"tags":[{"id":7449877,"name":"Ankunding"}],"status":"available"},{"id":77743220,"category":{"id":38888364,"name":"Clemente"},"name":"Ty Tannick","photoUrls":["www.swaniawskiinc.biz"],"tags":[{"id":66999537,"name":"Reinger"}],"status":"available"},{"id":61439083,"category":{"id":3432639,"name":"Gilma"},"name":"Mason Jarr","photoUrls":["www.kemmerstrosinandcronin.biz"],"tags":[{"id":49335383,"name":"Durgan"}],"status":"available"},{"id":2997581,"category":{"id":15819692,"name":"Lulu"},"name":"Theresa Green","photoUrls":["www.bartonllc.net"],"tags":[{"id":49552645,"name":"Reynolds"}],"status":"available"},{"id":72864189,"category":{"id":516449,"name":"Tish"},"name":"Patton Down DeHatches","photoUrls":["www.tromp-braun.info"],"tags":[{"id":19402196,"name":"Wunsch"}],"status":"available"},{"id":58320595,"category":{"id":69670655,"name":"Corazon"},"name":"Jane Linkfence","photoUrls":["www.zemlakgroup.org"],"tags":[{"id":75926469,"name":"Lakin"}],"status":"available"},{"id":12077867,"category":{"id":37234920,"name":"Laticia"},"name":"Dee Major","photoUrls":["www.toyandsons.co"],"tags":[{"id":27377476,"name":"Fisher"}],"status":"available"},{"id":11809521,"category":{"id":60916524,"name":"Nigel"},"name":"Stu Pitt","photoUrls":["www.aufderhar-mosciski.com"],"tags":[{"id":41878104,"name":"Kunde"}],"status":"available"},{"id":74644333,"category":{"id":51570837,"name":"Ted"},"name":"Minny van Gogh","photoUrls":["www.fisher-hintz.io"],"tags":[{"id":25511145,"name":"Hills"}],"status":"available"},{"id":36459112,"category":{"id":70543755,"name":"Wendi"},"name":"Ed Jewcation","photoUrls":["www.reinger-crooks.co"],"tags":[{"id":19415256,"name":"Armstrong"}],"status":"available"},{"id":72598428,"category":{"id":63932707,"name":"Yasmine"},"name":"Rex Karrs","photoUrls":["www.gerhold-sauer.name"],"tags":[{"id":27122717,"name":"Grady"}],"status":"available"},{"id":10272807,"category":{"id":61047605,"name":"Sal"},"name":"Sue Render","photoUrls":["www.kassulke-yost.info"],"tags":[{"id":21603455,"name":"Crona"}],"status":"available"},{"id":18520515,"category":{"id":60146254,"name":"Daren"},"name":"Ty Coon","photoUrls":["www.haleyinc.io"],"tags":[{"id":23881480,"name":"Metz"}],"status":"available"},{"id":55538598,"category":{"id":4825022,"name":"Thanh"},"name":"Douglas S. Halfempty","photoUrls":["www.mcglynnfeestandbreitenberg.io"],"tags":[{"id":7667163,"name":"Lebsack"}],"status":"available"},{"id":43196929,"category":{"id":63714391,"name":"Jake"},"name":"Pete Zaria","photoUrls":["www.quitzon-kulas.name"],"tags":[{"id":71471859,"name":"Cormier"}],"status":"available"},{"id":31876617,"category":{"id":74574117,"name":"Giovanni"},"name":"Wanda Rinn","photoUrls":["www.danielheidenreichanddamore.org"],"tags":[{"id":35724567,"name":"Keebler"}],"status":"available"},{"id":38805647,"category":{"id":45365541,"name":"Juana"},"name":"Cara Van","photoUrls":["www.doylegroup.info"],"tags":[{"id":55815721,"name":"Langworth"}],"status":"available"},{"id":29290450,"category":{"id":15653764,"name":"Herman"},"name":"Shandy Lear","photoUrls":["www.graham-christiansen.io"],"tags":[{"id":29507651,"name":"Maggio"}],"status":"available"},{"id":69689709,"category":{"id":18941092,"name":"Paul"},"name":"Al Nino","photoUrls":["www.barrows-ledner.name"],"tags":[{"id":42060187,"name":"Wisozk"}],"status":"available"},{"id":68184165,"category":{"id":15053990,"name":"Esmeralda"},"name":"Cy Kosis","photoUrls":["www.auer-dubuque.biz"],"tags":[{"id":27776591,"name":"Gutmann"}],"status":"available"},{"id":48758550,"category":{"id":22915398,"name":"Odell"},"name":"Ed Ible","photoUrls":["www.herman-murphy.co"],"tags":[{"id":73229056,"name":"Kessler"}],"status":"available"},{"id":4509177,"category":{"id":72980743,"name":"Chong"},"name":"Pearl E. Gates","photoUrls":["www.hyattreichertandortiz.name"],"tags":[{"id":32096644,"name":"Fisher"}],"status":"available"},{"id":35579152,"category":{"id":40365830,"name":"Joan"},"name":"Jim Shorts","photoUrls":["www.damorestehrandsipes.io"],"tags":[{"id":25294836,"name":"Bosco"}],"status":"available"},{"id":22223140,"category":{"id":37969813,"name":"Modesta"},"name":"Rocky Beach","photoUrls":["www.armstronginc.org"],"tags":[{"id":58711648,"name":"Cronin"}],"status":"available"},{"id":77872496,"category":{"id":65484106,"name":"Jerrod"},"name":"Jim Sox","photoUrls":["www.west-fritsch.biz"],"tags":[{"id":62938307,"name":"Gulgowski"}],"status":"available"},{"id":76551673,"category":{"id":75440985,"name":"Gene"},"name":"Lou Stooth","photoUrls":["www.rennergroup.io"],"tags":[{"id":9227342,"name":"Ankunding"}],"status":"available"},{"id":72198743,"category":{"id":33292236,"name":"Sean"},"name":"Kenny Penny","photoUrls":["www.hauckhoweandpouros.net"],"tags":[{"id":9175310,"name":"Koss"}],"status":"available"},{"id":22776814,"category":{"id":59076284,"name":"Jc"},"name":"Ilene East","photoUrls":["www.schultzlarkinandjenkins.net"],"tags":[{"id":59067685,"name":"Metz"}],"status":"available"},{"id":77127959,"category":{"id":32195963,"name":"Janell"},"name":"I. Lasch","photoUrls":["www.franeckidachandrodriguez.co"],"tags":[{"id":63266712,"name":"Pfeffer"}],"status":"available"},{"id":10531237,"category":{"id":63136616,"name":"Simone"},"name":"Joaquin DeFlores","photoUrls":["www.streichemmerichandswift.org"],"tags":[{"id":37078532,"name":"Hickle"}],"status":"available"},{"id":5203930,"category":{"id":18712016,"name":"Reyes"},"name":"Chris P. Nugget","photoUrls":["www.mantehayesandbuckridge.com"],"tags":[{"id":28293502,"name":"Feil"}],"status":"available"},{"id":6268121,"category":{"id":16964525,"name":"Leone"},"name":"Adam Bomb","photoUrls":["www.goyettellc.io"],"tags":[{"id":25202754,"name":"Schultz"}],"status":"available"},{"id":25330888,"category":{"id":4842587,"name":"Reuben"},"name":"Sonny Day","photoUrls":["www.goyettegroup.net"],"tags":[{"id":49684837,"name":"Kreiger"}],"status":"available"},{"id":47154687,"category":{"id":61080952,"name":"Naomi"},"name":"Beau Tye","photoUrls":["www.streichhyattandgislason.io"],"tags":[{"id":73509551,"name":"Schmitt"}],"status":"available"},{"id":53886751,"category":{"id":46809904,"name":"Ira"},"name":"Homan Provement","photoUrls":["www.weissnathuelsandratke.io"],"tags":[{"id":49857455,"name":"Kihn"}],"status":"available"},{"id":48583951,"category":{"id":65144523,"name":"Odette"},"name":"Chanda Lear","photoUrls":["www.johnsoninc.co"],"tags":[{"id":62875725,"name":"Carroll"}],"status":"available"},{"id":77451823,"category":{"id":57042752,"name":"Dana"},"name":"Chris Mass","photoUrls":["www.wiegandhauckandwill.co"],"tags":[{"id":66793055,"name":"Haag"}],"status":"available"},{"id":62249143,"category":{"id":11985086,"name":"Zina"},"name":"Raynor Schein","photoUrls":["www.flatleyrauandsatterfield.info"],"tags":[{"id":74299162,"name":"Runolfsdottir"}],"status":"available"},{"id":55559347,"category":{"id":70197050,"name":"Min"},"name":"Anna Sasin","photoUrls":["www.uptonlueilwitzandweimann.org"],"tags":[{"id":6589030,"name":"Armstrong"}],"status":"available"},{"id":13328207,"category":{"id":22131818,"name":"Yuri"},"name":"Evan Keel","photoUrls":["www.little-maggio.io"],"tags":[{"id":74455142,"name":"Flatley"}],"status":"available"},{"id":39096838,"category":{"id":59508564,"name":"Luella"},"name":"Pepe C. Cola","photoUrls":["www.jacobillc.name"],"tags":[{"id":7836585,"name":"Swift"}],"status":"available"},{"id":864742,"category":{"id":12582008,"name":"Lemuel"},"name":"Winsom Cash","photoUrls":["www.jastblandaandsenger.io"],"tags":[{"id":49223996,"name":"Mann"}],"status":"available"},{"id":58323693,"category":{"id":62049646,"name":"Val"},"name":"Terry Achey","photoUrls":["www.ziemeandsons.org"],"tags":[{"id":41979882,"name":"Predovic"}],"status":"available"},{"id":37569550,"category":{"id":60139309,"name":"Vernon"},"name":"Lisa Ford","photoUrls":["www.beatty-tromp.biz"],"tags":[{"id":62927638,"name":"Thiel"}],"status":"available"},{"id":14740123,"category":{"id":19931680,"name":"Hiram"},"name":"Pearl E. Gates","photoUrls":["www.wintheiserinc.info"],"tags":[{"id":44628894,"name":"Spencer"}],"status":"available"},{"id":49834870,"category":{"id":52660015,"name":"Eugenio"},"name":"Raney Schauer","photoUrls":["www.sawayn-barrows.co"],"tags":[{"id":75665084,"name":"DuBuque"}],"status":"available"},{"id":41607616,"category":{"id":75298922,"name":"Laurence"},"name":"Therese R. Green","photoUrls":["www.murphyandsons.net"],"tags":[{"id":28651123,"name":"Lind"}],"status":"available"},{"id":43130724,"category":{"id":68248487,"name":"Clint"},"name":"Eve O'Lution","photoUrls":["www.ward-lemke.net"],"tags":[{"id":52988505,"name":"Bednar"}],"status":"available"},{"id":69696960,"category":{"id":40448155,"name":"Drucilla"},"name":"Duane DeVane","photoUrls":["www.strackeandsons.biz"],"tags":[{"id":1769215,"name":"Hettinger"}],"status":"available"},{"id":18451420,"category":{"id":77027996,"name":"Adrienne"},"name":"Beau Vine","photoUrls":["www.ziemegreenfelderandaltenwerth.biz"],"tags":[{"id":55375800,"name":"Douglas"}],"status":"available"},{"id":56678147,"category":{"id":10260309,"name":"Regenia"},"name":"Frank N. Stein","photoUrls":["www.schadengroup.org"],"tags":[{"id":10023138,"name":"Osinski"}],"status":"available"},{"id":34414885,"name":"Lisa Neucar","photoUrls":["www.jacobsandsons.io"],"tags":[{"id":30504534,"name":"Balistreri"}],"status":"available"},{"id":2012327,"category":{"id":59014021,"name":"Cyrus"},"photoUrls":["www.fayflatleyandward.org"],"tags":[{"id":1816197,"name":"Braun"}],"status":"available"},{"id":2643814,"category":{"id":69867923,"name":"Chris"},"name":"Rhea Pollster","tags":[{"id":71701962,"name":"O'Connell"}],"status":"available"},{"id":57737670,"category":{"id":32831309,"name":"Moshe"},"name":"Joe King","photoUrls":["www.ernserrunteandcarter.biz"],"status":"available"},{"id":47983825,"category":{"id":51125347,"name":"Claris"},"name":"Doug Updegrave","photoUrls":["www.daugherty-schneider.biz"],"tags":[{"id":52188697,"name":"Carter"}],"status":"available"},{"id":842588,"category":{"id":707740,"name":"Osvaldo"},"name":"Anita Job","photoUrls":["www.hauckoberbrunnerandrutherford.co"],"tags":[{"id":63278273,"name":"Parisian"}],"status":"available"},{"id":15658878,"category":{"id":60296929,"name":"Elmer"},"name":"Chi Spurger","photoUrls":["www.windlerondrickaandcorwin.io"],"tags":[{"id":33793279,"name":"Ullrich"}],"status":"available"},{"id":63180318,"category":{"id":49855015,"name":"Korey"},"name":"Jean Poole","photoUrls":["www.wizaandsons.com"],"tags":[{"id":68618593,"name":"Koch"}],"status":"available"},{"id":6169201,"category":{"id":28411028,"name":"Kelsey"},"name":"Farrell","photoUrls":["www.oconnellparkerandschulist.io"],"tags":[{"id":2012330,"name":"Jaskolski"}],"status":"available"},{"id":72221240,"category":{"id":30769692,"name":"Chi"},"name":"Joanna Hand","photoUrls":["www.brakusgroup.biz"],"tags":[{"id":30267348,"name":"Sanford"}],"status":"available"},{"id":56897635,"category":{"id":70989515,"name":"Bryce"},"name":"Mark Z. Spot","photoUrls":["www.ullrichinc.io"],"tags":[{"id":64866781,"name":"Kozey"}],"status":"available"},{"id":58813652,"category":{"id":15846985,"name":"Mirella"},"name":"Mitch Again","photoUrls":["www.watsicaandsons.io"],"tags":[{"id":32274493,"name":"Marge Innastraightline"}],"status":"available"},{"id":46466215,"category":{"id":3761791,"name":"Neil"},"name":"Mason Jarr","photoUrls":["www.sanford-aufderhar.biz"],"tags":[{"id":35168377,"name":"Hickle"}],"status":"available"},{"id":9223127516080504620,"category":{"id":0,"name":"string"},"name":"fish","photoUrls":["string"],"tags":[{"id":0,"name":"string"}],"status":"available"},{"id":65007203,"category":{"id":70502530,"name":"Marcelina"},"name":"Alf Abet","photoUrls":["www.herzog-price.io"],"tags":[{"id":31007449,"name":"Torphy"}],"status":"available"},{"id":37625552,"category":{"id":18923537,"name":"Wilbur"},"name":"Ty Tannick","photoUrls":["www.ratke-gerhold.biz"],"tags":[{"id":66598855,"name":"Walker"}],"status":"available"},{"id":41752057,"category":{"id":70491121,"name":"Marie"},"name":"Brandon Cattell","photoUrls":["www.bernhard-carter.biz"],"tags":[{"id":33935974,"name":"Morissette"}],"status":"available"},{"id":5410799,"category":{"id":53538135,"name":"Leandro"},"name":"Sue Flay","photoUrls":["www.smithgroup.co"],"tags":[{"id":50931048,"name":"Wyman"}],"status":"available"},{"id":78315478,"category":{"id":45051921,"name":"Ward"},"name":"Otto Graf","photoUrls":["www.lakinandsons.info"],"tags":[{"id":14822723,"name":"Kovacek"}],"status":"available"},{"id":5201238,"category":{"id":49434217,"name":"Carlene"},"name":"Peg Legge","photoUrls":["www.lubowitzinc.info"],"tags":[{"id":25835969,"name":"Walsh"}],"status":"available"},{"id":31748476,"category":{"id":68692151,"name":"Bryant"},"name":"Dan Saul Knight","photoUrls":["www.zemlak-gottlieb.biz"],"tags":[{"id":68674101,"name":"Bauch"}],"status":"available"},{"id":61693865,"category":{"id":37576526,"name":"Misty"},"name":"Frank N. Sense","photoUrls":["www.senger-schoen.net"],"tags":[{"id":10272872,"name":"Leannon"}],"status":"available"},{"id":1935359,"category":{"id":23594532,"name":"Eddie"},"name":"Robin DeCraydle","photoUrls":["www.schimmel-tromp.org"],"tags":[{"id":20323619,"name":"King"}],"status":"available"},{"id":52947085,"category":{"id":55701309,"name":"Anja"},"name":"Sue Permann","photoUrls":["www.hansenkrajcikandmohr.co"],"tags":[{"id":59500688,"name":"Bernhard"}],"status":"available"},{"id":45129460,"category":{"id":28150530,"name":"Terrell"},"name":"Rhoda Mule","photoUrls":["www.schmidt-rempel.io"],"tags":[{"id":19271514,"name":"Pollich"}],"status":"available"},{"id":61594247,"category":{"id":20195208,"name":"Bobbye"},"name":"Leo Tarred","photoUrls":["www.mullertorphyandkertzmann.co"],"tags":[{"id":78736040,"name":"Lang"}],"status":"available"},{"id":28170826,"category":{"id":56014558,"name":"Marvel"},"name":"Misty Waters","photoUrls":["www.kubornandjohns.net"],"tags":[{"id":598018,"name":"Hane"}],"status":"available"},{"id":3333005,"category":{"id":57076372,"name":"Kelly"},"name":"C. Worthy","photoUrls":["www.emmerichgutmannandtowne.com"],"tags":[{"id":1328197,"name":"Schowalter"}],"status":"available"},{"id":57733817,"category":{"id":68383364,"name":"Nicolette"},"name":"Barry D. Hatchett","photoUrls":["www.raynordickensandluettgen.info"],"tags":[{"id":9317245,"name":"Dicki"}],"status":"available"},{"id":9223127516080504621,"category":{"id":0,"name":"string"},"name":"fish","photoUrls":["string"],"tags":[{"id":0,"name":"string"}],"status":"available"},{"id":9223127516080504622,"category":{"id":0,"name":"string"},"name":"doggie","photoUrls":["string"],"tags":[{"id":0,"name":"string"}],"status":"available"},{"id":9223127516080504623,"category":{"id":0,"name":"string"},"name":"doggie","photoUrls":["string"],"tags":[{"id":0,"name":"string"}],"status":"available"},{"id":9223127516080504624,"category":{"id":0,"name":"string"},"name":"doggie","photoUrls":["string"],"tags":[{"id":0,"name":"string"}],"status":"available"},{"id":9223127516080504625,"category":{"id":0,"name":"string"},"name":"doggie","photoUrls":["string"],"tags":[{"id":0,"name":"string"}],"status":"available"},{"id":9223127516080504626,"category":{"id":0,"name":"string"},"name":"doggie","photoUrls":["string"],"tags":[{"id":0,"name":"string"}],"status":"available"},{"id":9223127516080504627,"category":{"id":0,"name":"string"},"name":"doggie","photoUrls":["string"],"tags":[{"id":0,"name":"string"}],"status":"available"},{"id":9223127516080504628,"category":{"id":0,"name":"string"},"name":"fish","photoUrls":["string"],"tags":[{"id":0,"name":"string"}],"status":"available"},{"id":9223127516080504629,"category":{"id":0,"name":"string"},"name":"doggie","photoUrls":["string"],"tags":[{"id":0,"name":"string"}],"status":"available"},{"id":2400477969375541,"category":{"id":0,"name":"nameCategory1387"},"name":"petName1387","photoUrls":["string"],"tags":[{"id":0,"name":"string"}],"status":"available"},{"id":9223127516080504636,"category":{"id":0,"name":"string"},"name":"fish","photoUrls":["string"],"tags":[{"id":0,"name":"string"}],"status":"available"},{"id":9223127516080504638,"category":{"id":0,"name":"string"},"name":"fish","photoUrls":["string"],"tags":[{"id":0,"name":"string"}],"status":"available"},{"id":9223127516080504641,"category":{"id":0,"name":"string"},"name":"Puff","photoUrls":["string"],"tags":[{"id":0,"name":"string"}],"status":"available"},{"id":9223127516080504643,"category":{"id":0,"name":"string"},"name":"fish","photoUrls":["string"],"tags":[{"id":0,"name":"string"}],"status":"available"},{"id":9223127516080504644,"category":{"id":0,"name":"string"},"name":"fish","photoUrls":["string"],"tags":[{"id":0,"name":"string"}],"status":"available"},{"id":9222968140491042131,"category":{"id":0,"name":"string"},"name":"doggie","photoUrls":["string"],"tags":[{"id":0,"name":"string"}],"status":"available"},{"id":9223127516080504645,"category":{"id":0,"name":"string"},"name":"fish","photoUrls":["string"],"tags":[{"id":0,"name":"string"}],"status":"available"},{"id":9223127516080504646,"category":{"id":0,"name":"string"},"name":"fish","photoUrls":["string"],"tags":[{"id":0,"name":"string"}],"status":"available"},{"id":9223127516080504648,"category":{"id":0,"name":"string"},"name":"fish","photoUrls":["string"],"tags":[{"id":0,"name":"string"}],"status":"available"},{"id":9223127516080504649,"category":{"id":0,"name":"string"},"name":"fish","photoUrls":["string"],"tags":[{"id":0,"name":"string"}],"status":"available"},{"id":9223127516080504650,"category":{"id":0,"name":"string"},"name":"fish","photoUrls":["string"],"tags":[{"id":0,"name":"string"}],"status":"available"},{"id":9223127516080504651,"category":{"id":0,"name":"string"},"name":"doggie","photoUrls":["string"],"tags":[{"id":0,"name":"string"}],"status":"available"},{"id":9223127516080504652,"category":{"id":0,"name":"string"},"name":"doggie","photoUrls":["string"],"tags":[{"id":0,"name":"string"}],"status":"available"},{"id":9223127516080504653,"category":{"id":0,"name":"string"},"name":"doggie","photoUrls":["string"],"tags":[{"id":0,"name":"string"}],"status":"available"},{"id":9223127516080504654,"category":{"id":0,"name":"string"},"name":"doggie","photoUrls":["string"],"tags":[{"id":0,"name":"string"}],"status":"available"},{"id":9223127516080504655,"category":{"id":0,"name":"string"},"name":"doggie","photoUrls":["string"],"tags":[{"id":0,"name":"string"}],"status":"available"},{"id":9223127516080504656,"category":{"id":0,"name":"string"},"name":"doggie","photoUrls":["string"],"tags":[{"id":0,"name":"string"}],"status":"available"},{"id":9223127516080504662,"category":{"id":0,"name":"string"},"name":"fish","photoUrls":["string"],"tags":[{"id":0,"name":"string"}],"status":"available"},{"id":9223127516080504663,"category":{"id":0,"name":"string"},"name":"fish","photoUrls":["string"],"tags":[{"id":0,"name":"string"}],"status":"available"},{"id":9223127516080504668,"category":{"id":0,"name":"string"},"name":"Puff","photoUrls":["string"],"tags":[{"id":0,"name":"string"}],"status":"available"},{"id":9223127516080504670,"category":{"id":0,"name":"string"},"name":"fish","photoUrls":["string"],"tags":[{"id":0,"name":"string"}],"status":"available"},{"id":9223127516080504671,"category":{"id":0,"name":"string"},"name":"fish","photoUrls":["string"],"tags":[{"id":0,"name":"string"}],"status":"available"},{"id":9223127516080504672,"category":{"id":0,"name":"string"},"name":"fish","photoUrls":["string"],"tags":[{"id":0,"name":"string"}],"status":"available"},{"id":9223127516080504673,"category":{"id":0,"name":"string"},"name":"fish","photoUrls":["string"],"tags":[{"id":0,"name":"string"}],"status":"available"},{"id":9223127516080504674,"category":{"id":0,"name":"string"},"name":"fish","photoUrls":["string"],"tags":[{"id":0,"name":"string"}],"status":"available"},{"id":9223127516080504675,"category":{"id":0,"name":"string"},"name":"fish","photoUrls":["string"],"tags":[{"id":0,"name":"string"}],"status":"available"},{"id":9223127516080504676,"category":{"id":0,"name":"string"},"name":"doggie","photoUrls":["string"],"tags":[{"id":0,"name":"string"}],"status":"available"},{"id":9223127516080504677,"category":{"id":0,"name":"string"},"name":"doggie","photoUrls":["string"],"tags":[{"id":0,"name":"string"}],"status":"available"},{"id":9223127516080504678,"category":{"id":0,"name":"string"},"name":"doggie","photoUrls":["string"],"tags":[{"id":0,"name":"string"}],"status":"available"},{"id":9223127516080504679,"category":{"id":0,"name":"string"},"name":"doggie","photoUrls":["string"],"tags":[{"id":0,"name":"string"}],"status":"available"},{"id":9223127516080504680,"category":{"id":0,"name":"string"},"name":"fish","photoUrls":["string"],"tags":[{"id":0,"name":"string"}],"status":"available"},{"id":9223127516080504681,"category":{"id":0,"name":"string"},"name":"doggie","photoUrls":["string"],"tags":[{"id":0,"name":"string"}],"status":"available"},{"id":9223127516080504682,"category":{"id":0,"name":"string"},"name":"doggie","photoUrls":["string"],"tags":[{"id":0,"name":"string"}],"status":"available"},{"id":9223127516080504683,"category":{"id":0,"name":"string"},"name":"doggie","photoUrls":["string"],"tags":[{"id":0,"name":"string"}],"status":"available"},{"id":9223127516080504684,"category":{"id":0,"name":"string"},"name":"doggie","photoUrls":["string"],"tags":[{"id":0,"name":"string"}],"status":"available"},{"id":9223127516080504685,"category":{"id":0,"name":"string"},"name":"doggie","photoUrls":["string"],"tags":[{"id":0,"name":"string"}],"status":"available"},{"id":9223127516080504686,"category":{"id":0,"name":"string"},"name":"doggie","photoUrls":["string"],"tags":[{"id":0,"name":"string"}],"status":"available"},{"id":9223127516080504687,"category":{"id":0,"name":"string"},"name":"doggie","photoUrls":["string"],"tags":[{"id":0,"name":"string"}],"status":"available"},{"id":9223127516080504688,"category":{"id":0,"name":"string"},"name":"doggie","photoUrls":["string"],"tags":[{"id":0,"name":"string"}],"status":"available"},{"id":9223127516080504689,"category":{"id":0,"name":"string"},"name":"doggie","photoUrls":["string"],"tags":[{"id":0,"name":"string"}],"status":"available"},{"id":9222968140497180179,"category":{"id":0,"name":"string"},"name":"test","photoUrls":["string"],"tags":[{"id":0,"name":"string"}],"status":"available"},{"id":9223127516080504694,"category":{"id":0,"name":"string"},"name":"fish","photoUrls":["string"],"tags":[{"id":0,"name":"string"}],"status":"available"},{"id":9223127516080504698,"category":{"id":0,"name":"string"},"name":"fish","photoUrls":["string"],"tags":[{"id":0,"name":"string"}],"status":"available"},{"id":9223127516080504701,"category":{"id":0,"name":"string"},"name":"fish","photoUrls":["string"],"tags":[{"id":0,"name":"string"}],"status":"available"},{"id":9223127516080504702,"category":{"id":0,"name":"string"},"name":"Puff","photoUrls":["string"],"tags":[{"id":0,"name":"string"}],"status":"available"},{"id":9223127516080504704,"category":{"id":0,"name":"string"},"name":"fish","photoUrls":["string"],"tags":[{"id":0,"name":"string"}],"status":"available"},{"id":9223127516080504705,"category":{"id":0,"name":"string"},"name":"fish","photoUrls":["string"],"tags":[{"id":0,"name":"string"}],"status":"available"},{"id":9223127516080504706,"category":{"id":0,"name":"string"},"name":"fish","photoUrls":["string"],"tags":[{"id":0,"name":"string"}],"status":"available"},{"id":9223127516080504707,"category":{"id":0,"name":"string"},"name":"test","photoUrls":["string"],"tags":[{"id":0,"name":"string"}],"status":"available"},{"id":9223127516080504708,"category":{"id":0,"name":"string"},"name":"test","photoUrls":["string"],"tags":[{"id":0,"name":"string"}],"status":"available"},{"id":9223127516080504709,"category":{"id":0,"name":"string"},"name":"test","photoUrls":["string"],"tags":[{"id":0,"name":"string"}],"status":"available"},{"id":9223127516080504710,"category":{"id":0,"name":"string"},"name":"fish","photoUrls":["string"],"tags":[{"id":0,"name":"string"}],"status":"available"},{"id":9223127516080504711,"category":{"id":0,"name":"string"},"name":"fish","photoUrls":["string"],"tags":[{"id":0,"name":"string"}],"status":"available"},{"id":9223127516080504712,"category":{"id":0,"name":"string"},"name":"fish","photoUrls":["string"],"tags":[{"id":0,"name":"string"}],"status":"available"},{"id":9223127516080504713,"category":{"id":0,"name":"string"},"name":"doggie","photoUrls":["string"],"tags":[{"id":0,"name":"string"}],"status":"available"},{"id":9223127516080504714,"category":{"id":0,"name":"string"},"name":"doggie","photoUrls":["string"],"tags":[{"id":0,"name":"string"}],"status":"available"},{"id":9223127516080504715,"category":{"id":0,"name":"string"},"name":"doggie","photoUrls":["string"],"tags":[{"id":0,"name":"string"}],"status":"available"},{"id":9223127516080504716,"category":{"id":0,"name":"string"},"name":"doggie","photoUrls":["string"],"tags":[{"id":0,"name":"string"}],"status":"available"},{"id":9223127516080504717,"category":{"id":0,"name":"string"},"name":"doggie","photoUrls":["string"],"tags":[{"id":0,"name":"string"}],"status":"available"},{"id":9223127516080504718,"category":{"id":0,"name":"string"},"name":"doggie","photoUrls":["string"],"tags":[{"id":0,"name":"string"}],"status":"available"},{"id":9223127516080504725,"category":{"id":0,"name":"string"},"name":"fish","photoUrls":["string"],"tags":[{"id":0,"name":"string"}],"status":"available"},{"id":9223127516080504726,"category":{"id":0,"name":"string"},"name":"fish","photoUrls":["string"],"tags":[{"id":0,"name":"string"}],"status":"available"},{"id":9223127516080504731,"category":{"id":0,"name":"string"},"name":"Puff","photoUrls":["string"],"tags":[{"id":0,"name":"string"}],"status":"available"},{"id":9223127516080504733,"category":{"id":0,"name":"string"},"name":"fish","photoUrls":["string"],"tags":[{"id":0,"name":"string"}],"status":"available"},{"id":9223127516080504734,"category":{"id":0,"name":"string"},"name":"fish","photoUrls":["string"],"tags":[{"id":0,"name":"string"}],"status":"available"},{"id":467991564,"category":{"id":961,"name":"ferret"},"name":"Freddy","photoUrls":["string"],"tags":[{"id":59,"name":"marten"}],"status":"available"},{"id":9223127516080504735,"category":{"id":0,"name":"string"},"name":"fish","photoUrls":["string"],"tags":[{"id":0,"name":"string"}],"status":"available"},{"id":9223127516080504736,"category":{"id":0,"name":"string"},"name":"fish","photoUrls":["string"],"tags":[{"id":0,"name":"string"}],"status":"available"},{"id":9223127516080504737,"category":{"id":0,"name":"string"},"name":"fish","photoUrls":["string"],"tags":[{"id":0,"name":"string"}],"status":"available"},{"id":9223127516080504738,"category":{"id":0,"name":"string"},"name":"fish","photoUrls":["string"],"tags":[{"id":0,"name":"string"}],"status":"available"},{"id":9223127516080504739,"category":{"id":0,"name":"string"},"name":"fish","photoUrls":["string"],"tags":[{"id":0,"name":"string"}],"status":"available"},{"id":9223127516080504740,"category":{"id":0,"name":"string"},"name":"doggie","photoUrls":["string"],"tags":[{"id":0,"name":"string"}],"status":"available"},{"id":9223127516080504741,"category":{"id":0,"name":"string"},"name":"doggie","photoUrls":["string"],"tags":[{"id":0,"name":"string"}],"status":"available"},{"id":9223127516080504742,"category":{"id":0,"name":"string"},"name":"doggie","photoUrls":["string"],"tags":[{"id":0,"name":"string"}],"status":"available"},{"id":9223127516080504743,"category":{"id":0,"name":"string"},"name":"doggie","photoUrls":["string"],"tags":[{"id":0,"name":"string"}],"status":"available"},{"id":9223127516080504744,"category":{"id":0,"name":"string"},"name":"doggie","photoUrls":["string"],"tags":[{"id":0,"name":"string"}],"status":"available"},{"id":9223127516080504745,"category":{"id":0,"name":"string"},"name":"doggie","photoUrls":["string"],"tags":[{"id":0,"name":"string"}],"status":"available"},{"id":9223127516080504746,"category":{"id":0,"name":"string"},"name":"doggie","photoUrls":["string"],"tags":[{"id":0,"name":"string"}],"status":"available"},{"id":1,"category":{"id":0,"name":"string"},"name":"doggie","photoUrls":["string"],"tags":[{"id":1,"name":"string"}],"status":"available"},{"id":9223127516080504753,"category":{"id":0,"name":"string"},"name":"fish","photoUrls":["string"],"tags":[{"id":0,"name":"string"}],"status":"available"},{"id":9223127516080504754,"category":{"id":0,"name":"string"},"name":"fish","photoUrls":["string"],"tags":[{"id":0,"name":"string"}],"status":"available"},{"id":9223127516080504759,"category":{"id":0,"name":"string"},"name":"Puff","photoUrls":["string"],"tags":[{"id":0,"name":"string"}],"status":"available"},{"id":9223127516080504761,"category":{"id":0,"name":"string"},"name":"fish","photoUrls":["string"],"tags":[{"id":0,"name":"string"}],"status":"available"},{"id":9223127516080504762,"category":{"id":0,"name":"string"},"name":"fish","photoUrls":["string"],"tags":[{"id":0,"name":"string"}],"status":"available"},{"id":9223127516080504763,"category":{"id":0,"name":"string"},"name":"fish","photoUrls":["string"],"tags":[{"id":0,"name":"string"}],"status":"available"},{"id":9223127516080504764,"category":{"id":0,"name":"string"},"name":"fish","photoUrls":["string"],"tags":[{"id":0,"name":"string"}],"status":"available"},{"id":9223127516080504765,"category":{"id":0,"name":"Jerry"},"name":"Mouse","photoUrls":["string"],"tags":[{"id":0,"name":"Mouse"}],"status":"available"},{"id":9223127516080504766,"category":{"id":0,"name":"string"},"name":"fish","photoUrls":["string"],"tags":[{"id":0,"name":"string"}],"status":"available"},{"id":9223127516080504767,"category":{"id":0,"name":"string"},"name":"fish","photoUrls":["string"],"tags":[{"id":0,"name":"string"}],"status":"available"},{"id":9223127516080504768,"category":{"id":0,"name":"string"},"name":"fish","photoUrls":["string"],"tags":[{"id":0,"name":"string"}],"status":"available"},{"id":9223127516080504769,"category":{"id":0,"name":"string"},"name":"doggie","photoUrls":["string"],"tags":[{"id":0,"name":"string"}],"status":"available"},{"id":9223127516080504770,"category":{"id":0,"name":"string"},"name":"doggie","photoUrls":["string"],"tags":[{"id":0,"name":"string"}],"status":"available"},{"id":9223127516080504771,"category":{"id":0,"name":"string"},"name":"doggie","photoUrls":["string"],"tags":[{"id":0,"name":"string"}],"status":"available"},{"id":9223127516080504772,"category":{"id":0,"name":"string"},"name":"doggie","photoUrls":["string"],"tags":[{"id":0,"name":"string"}],"status":"available"},{"id":9223127516080504773,"category":{"id":0,"name":"string"},"name":"doggie","photoUrls":["string"],"tags":[{"id":0,"name":"string"}],"status":"available"},{"id":9223127516080504774,"category":{"id":0,"name":"string"},"name":"doggie","photoUrls":["string"],"tags":[{"id":0,"name":"string"}],"status":"available"},{"id":9223127516080504780,"category":{"id":0,"name":"string"},"name":"fish","photoUrls":["string"],"tags":[{"id":0,"name":"string"}],"status":"available"},{"id":9223127516080504784,"category":{"id":0,"name":"string"},"name":"fish","photoUrls":["string"],"tags":[{"id":0,"name":"string"}],"status":"available"},{"id":9223127516080504787,"category":{"id":0,"name":"string"},"name":"fish","photoUrls":["string"],"tags":[{"id":0,"name":"string"}],"status":"available"},{"id":9223127516080504788,"category":{"id":0,"name":"string"},"name":"Puff","photoUrls":["string"],"tags":[{"id":0,"name":"string"}],"status":"available"},{"id":9223127516080504790,"category":{"id":0,"name":"string"},"name":"fish","photoUrls":["string"],"tags":[{"id":0,"name":"string"}],"status":"available"},{"id":9223127516080504791,"category":{"id":0,"name":"string"},"name":"fish","photoUrls":["string"],"tags":[{"id":0,"name":"string"}],"status":"available"},{"id":9223127516080504792,"category":{"id":0,"name":"string"},"name":"fish","photoUrls":["string"],"tags":[{"id":0,"name":"string"}],"status":"available"},{"id":9223127516080504793,"category":{"id":0,"name":"string"},"name":"test","photoUrls":["string"],"tags":[{"id":0,"name":"string"}],"status":"available"},{"id":9223127516080504794,"category":{"id":0,"name":"string"},"name":"test","photoUrls":["string"],"tags":[{"id":0,"name":"string"}],"status":"available"},{"id":9223127516080504795,"category":{"id":0,"name":"string"},"name":"test","photoUrls":["string"],"tags":[{"id":0,"name":"string"}],"status":"available"},{"id":9223127516080504796,"category":{"id":0,"name":"puppy"},"name":"doggie","photoUrls":["string"],"tags":[{"id":0,"name":"Charlie"}],"status":"available"},{"id":9223127516080504797,"name":"siyaan","photoUrls":[],"tags":[],"status":"available"},{"id":9223127516080504798,"category":{"id":0,"name":"string"},"name":"fish","photoUrls":["string"],"tags":[{"id":0,"name":"string"}],"status":"available"},{"id":9223127516080504799,"category":{"id":0,"name":"string"},"name":"fish","photoUrls":["string"],"tags":[{"id":0,"name":"string"}],"status":"available"},{"id":9223127516080504800,"category":{"id":0,"name":"string"},"name":"doggie","photoUrls":["string"],"tags":[{"id":0,"name":"string"}],"status":"available"},{"id":9223127516080504801,"category":{"id":0,"name":"string"},"name":"fish","photoUrls":["string"],"tags":[{"id":0,"name":"string"}],"status":"available"},{"id":9223127516080504802,"category":{"id":0,"name":"string"},"name":"doggie","photoUrls":["string"],"tags":[{"id":0,"name":"string"}],"status":"available"},{"id":9223127516080504803,"category":{"id":0,"name":"string"},"name":"doggie","photoUrls":["string"],"tags":[{"id":0,"name":"string"}],"status":"available"},{"id":9223127516080504804,"category":{"id":0,"name":"string"},"name":"doggie","photoUrls":["string"],"tags":[{"id":0,"name":"string"}],"status":"available"},{"id":9223127516080504805,"category":{"id":0,"name":"string"},"name":"doggie","photoUrls":["string"],"tags":[{"id":0,"name":"string"}],"status":"available"},{"id":9223127516080504806,"category":{"id":0,"name":"string"},"name":"doggie","photoUrls":["string"],"tags":[{"id":0,"name":"string"}],"status":"available"},{"id":9223127516080504807,"category":{"id":0,"name":"string"},"name":"doggie","photoUrls":["string"],"tags":[{"id":0,"name":"string"}],"status":"available"},{"id":9223127516080504808,"category":{"id":0,"name":"string"},"name":"doggie","photoUrls":["string"],"tags":[{"id":0,"name":"string"}],"status":"available"},{"id":9223127516080504809,"category":{"id":0,"name":"string"},"name":"doggie","photoUrls":["string"],"tags":[{"id":0,"name":"string"}],"status":"available"},{"id":9223127516080504810,"category":{"id":0,"name":"string"},"name":"doggie","photoUrls":["string"],"tags":[{"id":0,"name":"string"}],"status":"available"},{"id":9223127516080504816,"category":{"id":0,"name":"string"},"name":"fish","photoUrls":["string"],"tags":[{"id":0,"name":"string"}],"status":"available"},{"id":9223127516080504818,"category":{"id":0,"name":"string"},"name":"fish","photoUrls":["string"],"tags":[{"id":0,"name":"string"}],"status":"available"},{"id":9223127516080504822,"category":{"id":0,"name":"string"},"name":"Puff","photoUrls":["string"],"tags":[{"id":0,"name":"string"}],"status":"available"},{"id":9223127516080504824,"category":{"id":0,"name":"string"},"name":"fish","photoUrls":["string"],"tags":[{"id":0,"name":"string"}],"status":"available"},{"id":9223127516080504825,"category":{"id":0,"name":"string"},"name":"fish","photoUrls":["string"],"tags":[{"id":0,"name":"string"}],"status":"available"},{"id":9223127516080504826,"category":{"id":0,"name":"string"},"name":"fish","photoUrls":["string"],"tags":[{"id":0,"name":"string"}],"status":"available"},{"id":9223127516080504827,"category":{"id":0,"name":"string"},"name":"fish","photoUrls":["string"],"tags":[{"id":0,"name":"string"}],"status":"available"},{"id":9223127516080504830,"category":{"id":0,"name":"string"},"name":"fish","photoUrls":["string"],"tags":[{"id":0,"name":"string"}],"status":"available"},{"id":9223127516080504831,"category":{"id":0,"name":"string"},"name":"fish","photoUrls":["string"],"tags":[{"id":0,"name":"string"}],"status":"available"},{"id":9223127516080504832,"category":{"id":0,"name":"string"},"name":"fish","photoUrls":["string"],"tags":[{"id":0,"name":"string"}],"status":"available"},{"id":9223127516080504833,"category":{"id":0,"name":"string"},"name":"doggie","photoUrls":["string"],"tags":[{"id":0,"name":"string"}],"status":"available"},{"id":9223127516080504834,"category":{"id":0,"name":"string"},"name":"doggie","photoUrls":["string"],"tags":[{"id":0,"name":"string"}],"status":"available"},{"id":9223127516080504835,"category":{"id":0,"name":"string"},"name":"doggie","photoUrls":["string"],"tags":[{"id":0,"name":"string"}],"status":"available"},{"id":9223127516080504836,"category":{"id":0,"name":"string"},"name":"doggie","photoUrls":["string"],"tags":[{"id":0,"name":"string"}],"status":"available"},{"id":9223127516080504837,"category":{"id":0,"name":"string"},"name":"doggie","photoUrls":["string"],"tags":[{"id":0,"name":"string"}],"status":"available"},{"id":9223127516080504838,"category":{"id":0,"name":"string"},"name":"doggie","photoUrls":["string"],"tags":[{"id":0,"name":"string"}],"status":"available"},{"id":9223127516080504846,"category":{"id":0,"name":"string"},"name":"fish","photoUrls":["string"],"tags":[{"id":0,"name":"string"}],"status":"available"},{"id":9223127516080504849,"category":{"id":0,"name":"string"},"name":"fish","photoUrls":["string"],"tags":[{"id":0,"name":"string"}],"status":"available"},{"id":9223127516080504853,"category":{"id":0,"name":"string"},"name":"Puff","photoUrls":["string"],"tags":[{"id":0,"name":"string"}],"status":"available"},{"id":9223127516080504855,"category":{"id":0,"name":"string"},"name":"fish","photoUrls":["string"],"tags":[{"id":0,"name":"string"}],"status":"available"},{"id":9223127516080504856,"category":{"id":0,"name":"string"},"name":"fish","photoUrls":["string"],"tags":[{"id":0,"name":"string"}],"status":"available"},{"id":9223127516080504857,"category":{"id":0,"name":"string"},"name":"fish","photoUrls":["string"],"tags":[{"id":0,"name":"string"}],"status":"available"},{"id":9223127516080504858,"category":{"id":0,"name":"string"},"name":"fish","photoUrls":["string"],"tags":[{"id":0,"name":"string"}],"status":"available"},{"id":9223127516080504859,"category":{"id":0,"name":"string"},"name":"fish","photoUrls":["string"],"tags":[{"id":0,"name":"string"}],"status":"available"},{"id":9223127516080504860,"category":{"id":0,"name":"string"},"name":"fish","photoUrls":["string"],"tags":[{"id":0,"name":"string"}],"status":"available"},{"id":9223127516080504861,"category":{"id":0,"name":"string"},"name":"doggie","photoUrls":["string"],"tags":[{"id":0,"name":"string"}],"status":"available"},{"id":9223127516080504862,"category":{"id":0,"name":"string"},"name":"doggie","photoUrls":["string"],"tags":[{"id":0,"name":"string"}],"status":"available"},{"id":9223127516080504863,"category":{"id":0,"name":"string"},"name":"doggie","photoUrls":["string"],"tags":[{"id":0,"name":"string"}],"status":"available"},{"id":9223127516080504864,"category":{"id":0,"name":"string"},"name":"doggie","photoUrls":["string"],"tags":[{"id":0,"name":"string"}],"status":"available"},{"id":9223127516080504865,"category":{"id":0,"name":"string"},"name":"fish","photoUrls":["string"],"tags":[{"id":0,"name":"string"}],"status":"available"},{"id":9223127516080504866,"category":{"id":0,"name":"string"},"name":"doggie","photoUrls":["string"],"tags":[{"id":0,"name":"string"}],"status":"available"},{"id":9223127516080504867,"category":{"id":0,"name":"string"},"name":"doggie","photoUrls":["string"],"tags":[{"id":0,"name":"string"}],"status":"available"},{"id":9223127516080504868,"category":{"id":0,"name":"string"},"name":"doggie","photoUrls":["string"],"tags":[{"id":0,"name":"string"}],"status":"available"},{"id":9223127516080504875,"category":{"id":0,"name":"string"},"name":"fish","photoUrls":["string"],"tags":[{"id":0,"name":"string"}],"status":"available"},{"id":9223127516080504877,"category":{"id":0,"name":"string"},"name":"fish","photoUrls":["string"],"tags":[{"id":0,"name":"string"}],"status":"available"},{"id":9223127516080504882,"category":{"id":0,"name":"string"},"name":"fish","photoUrls":["string"],"tags":[{"id":0,"name":"string"}],"status":"available"},{"id":9223127516080504883,"category":{"id":0,"name":"string"},"name":"Puff","photoUrls":["string"],"tags":[{"id":0,"name":"string"}],"status":"available"},{"id":9223127516080504885,"category":{"id":0,"name":"string"},"name":"fish","photoUrls":["string"],"tags":[{"id":0,"name":"string"}],"status":"available"},{"id":9223127516080504886,"category":{"id":0,"name":"string"},"name":"fish","photoUrls":["string"],"tags":[{"id":0,"name":"string"}],"status":"available"},{"id":9223127516080504887,"category":{"id":0,"name":"string"},"name":"fish","photoUrls":["string"],"tags":[{"id":0,"name":"string"}],"status":"available"},{"id":9223127516080504888,"category":{"id":0,"name":"string"},"name":"test","photoUrls":["string"],"tags":[{"id":0,"name":"string"}],"status":"available"},{"id":9223127516080504889,"category":{"id":0,"name":"string"},"name":"test","photoUrls":["string"],"tags":[{"id":0,"name":"string"}],"status":"available"},{"id":9223127516080504890,"category":{"id":0,"name":"string"},"name":"test","photoUrls":["string"],"tags":[{"id":0,"name":"string"}],"status":"available"},{"id":9223127516080504891,"category":{"id":0,"name":"string"},"name":"fish","photoUrls":["string"],"tags":[{"id":0,"name":"string"}],"status":"available"},{"id":9223127516080504892,"category":{"id":0,"name":"string"},"name":"fish","photoUrls":["string"],"tags":[{"id":0,"name":"string"}],"status":"available"},{"id":9223127516080504893,"category":{"id":0,"name":"string"},"name":"fish","photoUrls":["string"],"tags":[{"id":0,"name":"string"}],"status":"available"},{"id":9223127516080504894,"category":{"id":0,"name":"string"},"name":"doggie","photoUrls":["string"],"tags":[{"id":0,"name":"string"}],"status":"available"},{"id":9223127516080504895,"category":{"id":0,"name":"string"},"name":"doggie","photoUrls":["string"],"tags":[{"id":0,"name":"string"}],"status":"available"},{"id":9223127516080504896,"category":{"id":0,"name":"string"},"name":"doggie","photoUrls":["string"],"tags":[{"id":0,"name":"string"}],"status":"available"},{"id":9223127516080504897,"category":{"id":0,"name":"string"},"name":"doggie","photoUrls":["string"],"tags":[{"id":0,"name":"string"}],"status":"available"},{"id":9223127516080504898,"category":{"id":0,"name":"string"},"name":"doggie","photoUrls":["string"],"tags":[{"id":0,"name":"string"}],"status":"available"},{"id":9223127516080504899,"category":{"id":0,"name":"string"},"name":"doggie","photoUrls":["string"],"tags":[{"id":0,"name":"string"}],"status":"available"},{"id":9223127516080504905,"category":{"id":0,"name":"string"},"name":"fish","photoUrls":["string"],"tags":[{"id":0,"name":"string"}],"status":"available"},{"id":9223127516080504906,"category":{"id":0,"name":"string"},"name":"fish","photoUrls":["string"],"tags":[{"id":0,"name":"string"}],"status":"available"},{"id":9223127516080504912,"category":{"id":0,"name":"string"},"name":"Puff","photoUrls":["string"],"tags":[{"id":0,"name":"string"}],"status":"available"},{"id":9223127516080504913,"category":{"id":0,"name":"string"},"name":"fish","photoUrls":["string"],"tags":[{"id":0,"name":"string"}],"status":"available"},{"id":9223127516080504914,"category":{"id":0,"name":"string"},"name":"fish","photoUrls":["string"],"tags":[{"id":0,"name":"string"}],"status":"available"},{"id":9223127516080504915,"category":{"id":0,"name":"string"},"name":"fish","photoUrls":["string"],"tags":[{"id":0,"name":"string"}],"status":"available"},{"id":9223127516080504916,"category":{"id":0,"name":"string"},"name":"fish","photoUrls":["string"],"tags":[{"id":0,"name":"string"}],"status":"available"},{"id":9223127516080504917,"category":{"id":0,"name":"string"},"name":"fish","photoUrls":["string"],"tags":[{"id":0,"name":"string"}],"status":"available"},{"id":9223127516080504918,"category":{"id":0,"name":"string"},"name":"fish","photoUrls":["string"],"tags":[{"id":0,"name":"string"}],"status":"available"},{"id":9223127516080504919,"category":{"id":0,"name":"string"},"name":"fish","photoUrls":["string"],"tags":[{"id":0,"name":"string"}],"status":"available"},{"id":9223127516080504920,"category":{"id":0,"name":"string"},"name":"doggie","photoUrls":["string"],"tags":[{"id":0,"name":"string"}],"status":"available"},{"id":9223127516080504921,"category":{"id":0,"name":"string"},"name":"doggie","photoUrls":["string"],"tags":[{"id":0,"name":"string"}],"status":"available"},{"id":9223127516080504922,"category":{"id":0,"name":"string"},"name":"doggie","photoUrls":["string"],"tags":[{"id":0,"name":"string"}],"status":"available"},{"id":9223127516080504923,"category":{"id":0,"name":"string"},"name":"doggie","photoUrls":["string"],"tags":[{"id":0,"name":"string"}],"status":"available"},{"id":9223127516080504924,"category":{"id":0,"name":"string"},"name":"doggie","photoUrls":["string"],"tags":[{"id":0,"name":"string"}],"status":"available"},{"id":9223127516080504925,"category":{"id":0,"name":"string"},"name":"doggie","photoUrls":["string"],"tags":[{"id":0,"name":"string"}],"status":"available"},{"id":9223127516080504926,"category":{"id":0,"name":"string"},"name":"doggie","photoUrls":["string"],"tags":[{"id":0,"name":"string"}],"status":"available"},{"id":9223127516080504927,"category":{"id":0,"name":"string"},"name":"doggie","photoUrls":["string"],"tags":[{"id":0,"name":"string"}],"status":"available"},{"id":9223127516080504928,"category":{"id":0,"name":"string"},"name":"doggie","photoUrls":["string"],"tags":[{"id":0,"name":"string"}],"status":"available"},{"id":9223127516080504929,"category":{"id":0,"name":"string"},"name":"doggie","photoUrls":["string"],"tags":[{"id":0,"name":"string"}],"status":"available"},{"id":9223127516080504936,"category":{"id":0,"name":"string"},"name":"fish","photoUrls":["string"],"tags":[{"id":0,"name":"string"}],"status":"available"},{"id":9223127516080504937,"category":{"id":0,"name":"string"},"name":"fish","photoUrls":["string"],"tags":[{"id":0,"name":"string"}],"status":"available"},{"id":9223127516080504942,"category":{"id":0,"name":"string"},"name":"Puff","photoUrls":["string"],"tags":[{"id":0,"name":"string"}],"status":"available"},{"id":9223127516080504944,"category":{"id":0,"name":"string"},"name":"fish","photoUrls":["string"],"tags":[{"id":0,"name":"string"}],"status":"available"},{"id":9223127516080504945,"category":{"id":0,"name":"string"},"name":"fish","photoUrls":["string"],"tags":[{"id":0,"name":"string"}],"status":"available"},{"id":9223127516080504946,"category":{"id":0,"name":"string"},"name":"fish","photoUrls":["string"],"tags":[{"id":0,"name":"string"}],"status":"available"},{"id":9223127516080504947,"category":{"id":0,"name":"string"},"name":"fish","photoUrls":["string"],"tags":[{"id":0,"name":"string"}],"status":"available"},{"id":9223127516080504948,"category":{"id":0,"name":"string"},"name":"fish","photoUrls":["string"],"tags":[{"id":0,"name":"string"}],"status":"available"},{"id":9223127516080504949,"category":{"id":0,"name":"string"},"name":"fish","photoUrls":["string"],"tags":[{"id":0,"name":"string"}],"status":"available"},{"id":9223127516080504950,"category":{"id":0,"name":"string"},"name":"fish","photoUrls":["string"],"tags":[{"id":0,"name":"string"}],"status":"available"},{"id":9223127516080504951,"category":{"id":0,"name":"string"},"name":"doggie","photoUrls":["string"],"tags":[{"id":0,"name":"string"}],"status":"available"},{"id":9223127516080504952,"category":{"id":0,"name":"string"},"name":"doggie","photoUrls":["string"],"tags":[{"id":0,"name":"string"}],"status":"available"},{"id":9223127516080504953,"category":{"id":0,"name":"string"},"name":"doggie","photoUrls":["string"],"tags":[{"id":0,"name":"string"}],"status":"available"},{"id":9223127516080504954,"category":{"id":0,"name":"string"},"name":"doggie","photoUrls":["string"],"tags":[{"id":0,"name":"string"}],"status":"available"},{"id":9223127516080504955,"category":{"id":0,"name":"string"},"name":"doggie","photoUrls":["string"],"tags":[{"id":0,"name":"string"}],"status":"available"},{"id":9223127516080504956,"category":{"id":0,"name":"string"},"name":"doggie","photoUrls":["string"],"tags":[{"id":0,"name":"string"}],"status":"available"},{"id":9223127516080504963,"category":{"id":0,"name":"string"},"name":"fish","photoUrls":["string"],"tags":[{"id":0,"name":"string"}],"status":"available"},{"id":9223127516080504968,"category":{"id":0,"name":"string"},"name":"fish","photoUrls":["string"],"tags":[{"id":0,"name":"string"}],"status":"available"},{"id":9223127516080504969,"category":{"id":0,"name":"string"},"name":"fish","photoUrls":["string"],"tags":[{"id":0,"name":"string"}],"status":"available"},{"id":9223127516080504970,"category":{"id":0,"name":"string"},"name":"Puff","photoUrls":["string"],"tags":[{"id":0,"name":"string"}],"status":"available"},{"id":9223127516080504972,"category":{"id":0,"name":"string"},"name":"fish","photoUrls":["string"],"tags":[{"id":0,"name":"string"}],"status":"available"},{"id":5457402625408476,"category":{"id":0,"name":"nameCategory3061"},"name":"petName3061","photoUrls":["string"],"tags":[{"id":0,"name":"string"}],"status":"available"},{"id":9223127516080504973,"category":{"id":0,"name":"string"},"name":"fish","photoUrls":["string"],"tags":[{"id":0,"name":"string"}],"status":"available"},{"id":9223127516080504974,"category":{"id":0,"name":"string"},"name":"fish","photoUrls":["string"],"tags":[{"id":0,"name":"string"}],"status":"available"},{"id":9223127516080504975,"category":{"id":0,"name":"string"},"name":"test","photoUrls":["string"],"tags":[{"id":0,"name":"string"}],"status":"available"},{"id":9223127516080504976,"category":{"id":0,"name":"string"},"name":"test","photoUrls":["string"],"tags":[{"id":0,"name":"string"}],"status":"available"},{"id":9223127516080504977,"category":{"id":0,"name":"string"},"name":"test","photoUrls":["string"],"tags":[{"id":0,"name":"string"}],"status":"available"},{"id":9223127516080504978,"category":{"id":0,"name":"string"},"name":"fish","photoUrls":["string"],"tags":[{"id":0,"name":"string"}],"status":"available"},{"id":991,"category":{"id":87,"name":"category991"},"name":"Llama","photoUrls":["string"],"tags":[{"id":0,"name":"string"}],"status":"available"},{"id":9223127516080504979,"category":{"id":0,"name":"string"},"name":"fish","photoUrls":["string"],"tags":[{"id":0,"name":"string"}],"status":"available"},{"id":9223127516080504980,"category":{"id":0,"name":"string"},"name":"doggie","photoUrls":["string"],"tags":[{"id":0,"name":"string"}],"status":"available"},{"id":9223127516080504981,"category":{"id":0,"name":"string"},"name":"doggie","photoUrls":["string"],"tags":[{"id":0,"name":"string"}],"status":"available"},{"id":9223127516080504982,"category":{"id":0,"name":"string"},"name":"doggie","photoUrls":["string"],"tags":[{"id":0,"name":"string"}],"status":"available"},{"id":9223127516080504983,"category":{"id":0,"name":"string"},"name":"doggie","photoUrls":["string"],"tags":[{"id":0,"name":"string"}],"status":"available"},{"id":9223127516080504984,"category":{"id":0,"name":"string"},"name":"doggie","photoUrls":["string"],"tags":[{"id":0,"name":"string"}],"status":"available"},{"id":9223127516080504985,"category":{"id":0,"name":"string"},"name":"doggie","photoUrls":["string"],"tags":[{"id":0,"name":"string"}],"status":"available"},{"id":9223127516080504986,"category":{"id":0,"name":"string"},"name":"doggie","photoUrls":["string"],"tags":[{"id":0,"name":"string"}],"status":"available"},{"id":9223127516080504987,"category":{"id":0,"name":"string"},"name":"fish","photoUrls":["string"],"tags":[{"id":0,"name":"string"}],"status":"available"},{"id":9223127516080504988,"category":{"id":0,"name":"string"},"name":"doggie","photoUrls":["string"],"tags":[{"id":0,"name":"string"}],"status":"available"},{"id":9223127516080504989,"category":{"id":0,"name":"string"},"name":"doggie","photoUrls":["string"],"tags":[{"id":0,"name":"string"}],"status":"available"},{"id":9223127516080504990,"category":{"id":0,"name":"string"},"name":"doggie","photoUrls":["string"],"tags":[{"id":0,"name":"string"}],"status":"available"},{"id":9223127516080504998,"category":{"id":0,"name":"string"},"name":"fish","photoUrls":["string"],"tags":[{"id":0,"name":"string"}],"status":"available"},{"id":9223127516080504999,"category":{"id":0,"name":"string"},"name":"fish","photoUrls":["string"],"tags":[{"id":0,"name":"string"}],"status":"available"},{"id":9223127516080505002,"category":{"id":0,"name":"string"},"name":"Puff","photoUrls":["string"],"tags":[{"id":0,"name":"string"}],"status":"available"},{"id":9223127516080505004,"category":{"id":0,"name":"string"},"name":"fish","photoUrls":["string"],"tags":[{"id":0,"name":"string"}],"status":"available"},{"id":9223127516080505005,"category":{"id":0,"name":"string"},"name":"fish","photoUrls":["string"],"tags":[{"id":0,"name":"string"}],"status":"available"},{"id":9223127516080505006,"category":{"id":0,"name":"string"},"name":"fish","photoUrls":["string"],"tags":[{"id":0,"name":"string"}],"status":"available"},{"id":9223127516080505007,"category":{"id":0,"name":"string"},"name":"fish","photoUrls":["string"],"tags":[{"id":0,"name":"string"}],"status":"available"},{"id":200,"category":{"id":200,"name":"swagger20"},"name":"swagger20","photoUrls":["string"],"tags":[{"id":200,"name":"swagger20"}],"status":"available"},{"id":9223127516080505008,"category":{"id":0,"name":"string"},"name":"fish","photoUrls":["string"],"tags":[{"id":0,"name":"string"}],"status":"available"},{"id":9223127516080505009,"category":{"id":0,"name":"string"},"name":"fish","photoUrls":["string"],"tags":[{"id":0,"name":"string"}],"status":"available"},{"id":9223127516080505010,"category":{"id":0,"name":"string"},"name":"fish","photoUrls":["string"],"tags":[{"id":0,"name":"string"}],"status":"available"},{"id":9223127516080505011,"category":{"id":0,"name":"string"},"name":"doggie","photoUrls":["string"],"tags":[{"id":0,"name":"string"}],"status":"available"},{"id":9223127516080505012,"category":{"id":0,"name":"string"},"name":"doggie","photoUrls":["string"],"tags":[{"id":0,"name":"string"}],"status":"available"},{"id":9223127516080505013,"category":{"id":0,"name":"string"},"name":"doggie","photoUrls":["string"],"tags":[{"id":0,"name":"string"}],"status":"available"},{"id":9223127516080505014,"category":{"id":0,"name":"string"},"name":"doggie","photoUrls":["string"],"tags":[{"id":0,"name":"string"}],"status":"available"},{"id":9223127516080505015,"category":{"id":0,"name":"string"},"name":"doggie","photoUrls":["string"],"tags":[{"id":0,"name":"string"}],"status":"available"},{"id":9223127516080505016,"category":{"id":0,"name":"string"},"name":"doggie","photoUrls":["string"],"tags":[{"id":0,"name":"string"}],"status":"available"},{"id":9223127516080505017,"category":{"id":0,"name":"string"},"name":"doggie","photoUrls":["string"],"tags":[{"id":0,"name":"string"}],"status":"available"},{"id":9223127516080505018,"category":{"id":0,"name":"string"},"name":"doggie","photoUrls":["string"],"tags":[{"id":0,"name":"string"}],"status":"available"},{"id":9223127516080505019,"category":{"id":0,"name":"string"},"name":"doggie","photoUrls":["string"],"tags":[{"id":0,"name":"string"}],"status":"available"},{"id":9223127516080505026,"category":{"id":0,"name":"string"},"name":"fish","photoUrls":["string"],"tags":[{"id":0,"name":"string"}],"status":"available"},{"id":9223127516080505027,"category":{"id":0,"name":"string"},"name":"fish","photoUrls":["string"],"tags":[{"id":0,"name":"string"}],"status":"available"},{"id":9223127516080505033,"category":{"id":0,"name":"string"},"name":"Puff","photoUrls":["string"],"tags":[{"id":0,"name":"string"}],"status":"available"},{"id":9223127516080505034,"category":{"id":0,"name":"string"},"name":"fish","photoUrls":["string"],"tags":[{"id":0,"name":"string"}],"status":"available"},{"id":9223127516080505035,"category":{"id":0,"name":"string"},"name":"fish","photoUrls":["string"],"tags":[{"id":0,"name":"string"}],"status":"available"},{"id":9223127516080505036,"category":{"id":0,"name":"string"},"name":"fish","photoUrls":["string"],"tags":[{"id":0,"name":"string"}],"status":"available"},{"id":9223127516080505037,"category":{"id":0,"name":"string"},"name":"fish","photoUrls":["string"],"tags":[{"id":0,"name":"string"}],"status":"available"},{"id":1245,"category":{"id":1245,"name":"xyz"},"name":"xyz","photoUrls":["test"],"tags":[],"status":"available"},{"id":9223127516080505038,"category":{"id":0,"name":"string"},"name":"fish","photoUrls":["string"],"tags":[{"id":0,"name":"string"}],"status":"available"},{"id":9223127516080505039,"category":{"id":0,"name":"string"},"name":"doggie","photoUrls":["string"],"tags":[{"id":0,"name":"string"}],"status":"available"},{"id":9223127516080505040,"category":{"id":0,"name":"string"},"name":"fish","photoUrls":["string"],"tags":[{"id":0,"name":"string"}],"status":"available"},{"id":9223127516080505041,"category":{"id":0,"name":"string"},"name":"doggie","photoUrls":["string"],"tags":[{"id":0,"name":"string"}],"status":"available"},{"id":9223127516080505042,"category":{"id":0,"name":"string"},"name":"doggie","photoUrls":["string"],"tags":[{"id":0,"name":"string"}],"status":"available"},{"id":9223127516080505043,"category":{"id":0,"name":"string"},"name":"doggie","photoUrls":["string"],"tags":[{"id":0,"name":"string"}],"status":"available"},{"id":9223127516080505044,"category":{"id":0,"name":"string"},"name":"doggie","photoUrls":["string"],"tags":[{"id":0,"name":"string"}],"status":"available"},{"id":9223127516080505045,"category":{"id":0,"name":"string"},"name":"doggie","photoUrls":["string"],"tags":[{"id":0,"name":"string"}],"status":"available"},{"id":9223127516080505046,"category":{"id":0,"name":"string"},"name":"fish","photoUrls":["string"],"tags":[{"id":0,"name":"string"}],"status":"available"},{"id":9223127516080505047,"category":{"id":0,"name":"string"},"name":"doggie","photoUrls":["string"],"tags":[{"id":0,"name":"string"}],"status":"available"},{"id":9223127516080505053,"category":{"id":0,"name":"string"},"name":"fish","photoUrls":["string"],"tags":[{"id":0,"name":"string"}],"status":"available"},{"id":9223127516080505054,"category":{"id":0,"name":"string"},"name":"fish","photoUrls":["string"],"tags":[{"id":0,"name":"string"}],"status":"available"},{"id":9223127516080505059,"category":{"id":0,"name":"string"},"name":"fish","photoUrls":["string"],"tags":[{"id":0,"name":"string"}],"status":"available"},{"id":9223127516080505060,"category":{"id":0,"name":"string"},"name":"Puff","photoUrls":["string"],"tags":[{"id":0,"name":"string"}],"status":"available"},{"id":9223127516080505062,"category":{"id":0,"name":"string"},"name":"fish","photoUrls":["string"],"tags":[{"id":0,"name":"string"}],"status":"available"},{"id":9223127516080505063,"category":{"id":0,"name":"string"},"name":"fish","photoUrls":["string"],"tags":[{"id":0,"name":"string"}],"status":"available"},{"id":9223127516080505064,"category":{"id":0,"name":"string"},"name":"fish","photoUrls":["string"],"tags":[{"id":0,"name":"string"}],"status":"available"},{"id":9223127516080505065,"category":{"id":0,"name":"string"},"name":"test","photoUrls":["string"],"tags":[{"id":0,"name":"string"}],"status":"available"},{"id":9223127516080505066,"category":{"id":0,"name":"string"},"name":"test","photoUrls":["string"],"tags":[{"id":0,"name":"string"}],"status":"available"},{"id":9223127516080505067,"category":{"id":0,"name":"string"},"name":"test","photoUrls":["string"],"tags":[{"id":0,"name":"string"}],"status":"available"},{"id":9223127516080505068,"category":{"id":0,"name":"string"},"name":"fish","photoUrls":["string"],"tags":[{"id":0,"name":"string"}],"status":"available"},{"id":9223127516080505069,"category":{"id":0,"name":"string"},"name":"fish","photoUrls":["string"],"tags":[{"id":0,"name":"string"}],"status":"available"},{"id":9223127516080505070,"category":{"id":0,"name":"string"},"name":"fish","photoUrls":["string"],"tags":[{"id":0,"name":"string"}],"status":"available"},{"id":9223127516080505071,"category":{"id":0,"name":"string"},"name":"doggie","photoUrls":["string"],"tags":[{"id":0,"name":"string"}],"status":"available"},{"id":9223127516080505072,"category":{"id":0,"name":"string"},"name":"doggie","photoUrls":["string"],"tags":[{"id":0,"name":"string"}],"status":"available"},{"id":9223127516080505073,"category":{"id":0,"name":"string"},"name":"doggie","photoUrls":["string"],"tags":[{"id":0,"name":"string"}],"status":"available"},{"id":9223127516080505074,"category":{"id":0,"name":"string"},"name":"doggie","photoUrls":["string"],"tags":[{"id":0,"name":"string"}],"status":"available"},{"id":9223127516080505075,"category":{"id":0,"name":"string"},"name":"doggie","photoUrls":["string"],"tags":[{"id":0,"name":"string"}],"status":"available"},{"id":9223127516080505076,"category":{"id":0,"name":"string"},"name":"doggie","photoUrls":["string"],"tags":[{"id":0,"name":"string"}],"status":"available"},{"id":9223127516080505082,"category":{"id":0,"name":"string"},"name":"fish","photoUrls":["string"],"tags":[{"id":0,"name":"string"}],"status":"available"},{"id":9223127516080505083,"category":{"id":0,"name":"string"},"name":"fish","photoUrls":["string"],"tags":[{"id":0,"name":"string"}],"status":"available"},{"id":9223127516080505088,"category":{"id":0,"name":"string"},"name":"Puff","photoUrls":["string"],"tags":[{"id":0,"name":"string"}],"status":"available"},{"id":9223127516080505091,"category":{"id":0,"name":"string"},"name":"fish","photoUrls":["string"],"tags":[{"id":0,"name":"string"}],"status":"available"},{"id":9223127516080505092,"category":{"id":0,"name":"string"},"name":"fish","photoUrls":["string"],"tags":[{"id":0,"name":"string"}],"status":"available"},{"id":9223127516080505093,"category":{"id":0,"name":"string"},"name":"fish","photoUrls":["string"],"tags":[{"id":0,"name":"string"}],"status":"available"},{"id":9223127516080505094,"category":{"id":0,"name":"string"},"name":"fish","photoUrls":["string"],"tags":[{"id":0,"name":"string"}],"status":"available"},{"id":9223127516080505095,"category":{"id":0,"name":"string"},"name":"fish","photoUrls":["string"],"tags":[{"id":0,"name":"string"}],"status":"available"},{"id":9223127516080505096,"category":{"id":0,"name":"string"},"name":"fish","photoUrls":["string"],"tags":[{"id":0,"name":"string"}],"status":"available"},{"id":9223127516080505097,"category":{"id":0,"name":"string"},"name":"fish","photoUrls":["string"],"tags":[{"id":0,"name":"string"}],"status":"available"},{"id":9223127516080505098,"category":{"id":0,"name":"string"},"name":"doggie","photoUrls":["string"],"tags":[{"id":0,"name":"string"}],"status":"available"},{"id":9223127516080505099,"category":{"id":0,"name":"string"},"name":"doggie","photoUrls":["string"],"tags":[{"id":0,"name":"string"}],"status":"available"},{"id":9223127516080505100,"category":{"id":0,"name":"string"},"name":"doggie","photoUrls":["string"],"tags":[{"id":0,"name":"string"}],"status":"available"},{"id":9223127516080505101,"category":{"id":0,"name":"string"},"name":"doggie","photoUrls":["string"],"tags":[{"id":0,"name":"string"}],"status":"available"},{"id":9223127516080505102,"category":{"id":0,"name":"string"},"name":"doggie","photoUrls":["string"],"tags":[{"id":0,"name":"string"}],"status":"available"},{"id":9223127516080505103,"category":{"id":0,"name":"string"},"name":"doggie","photoUrls":["string"],"tags":[{"id":0,"name":"string"}],"status":"available"},{"id":9223127516080505104,"category":{"id":0,"name":"string"},"name":"doggie","photoUrls":["string"],"tags":[{"id":0,"name":"string"}],"status":"available"},{"id":9223127516080505111,"category":{"id":0,"name":"string"},"name":"fish","photoUrls":["string"],"tags":[{"id":0,"name":"string"}],"status":"available"},{"id":9223127516080505113,"category":{"id":0,"name":"string"},"name":"fish","photoUrls":["string"],"tags":[{"id":0,"name":"string"}],"status":"available"},{"id":9223127516080505116,"category":{"id":0,"name":"string"},"name":"Puff","photoUrls":["string"],"tags":[{"id":0,"name":"string"}],"status":"available"},{"id":9223127516080505118,"category":{"id":0,"name":"string"},"name":"fish","photoUrls":["string"],"tags":[{"id":0,"name":"string"}],"status":"available"},{"id":9223127516080505119,"category":{"id":0,"name":"string"},"name":"fish","photoUrls":["string"],"tags":[{"id":0,"name":"string"}],"status":"available"},{"id":9223127516080505120,"category":{"id":0,"name":"string"},"name":"fish","photoUrls":["string"],"tags":[{"id":0,"name":"string"}],"status":"available"},{"id":9223127516080505121,"category":{"id":0,"name":"string"},"name":"fish","photoUrls":["string"],"tags":[{"id":0,"name":"string"}],"status":"available"},{"id":9223127516080505122,"category":{"id":0,"name":"Jerry"},"name":"Mouse","photoUrls":["string"],"tags":[{"id":0,"name":"Mouse"}],"status":"available"},{"id":9223127516080505123,"category":{"id":0,"name":"string"},"name":"fish","photoUrls":["string"],"tags":[{"id":0,"name":"string"}],"status":"available"},{"id":9223127516080505124,"category":{"id":0,"name":"string"},"name":"fish","photoUrls":["string"],"tags":[{"id":0,"name":"string"}],"status":"available"},{"id":9223127516080505125,"category":{"id":0,"name":"string"},"name":"fish","photoUrls":["string"],"tags":[{"id":0,"name":"string"}],"status":"available"},{"id":9223127516080505126,"category":{"id":0,"name":"string"},"name":"doggie","photoUrls":["string"],"tags":[{"id":0,"name":"string"}],"status":"available"},{"id":9223127516080505127,"category":{"id":0,"name":"string"},"name":"doggie","photoUrls":["string"],"tags":[{"id":0,"name":"string"}],"status":"available"},{"id":9223127516080505128,"category":{"id":0,"name":"string"},"name":"doggie","photoUrls":["string"],"tags":[{"id":0,"name":"string"}],"status":"available"},{"id":9223127516080505129,"category":{"id":0,"name":"string"},"name":"doggie","photoUrls":["string"],"tags":[{"id":0,"name":"string"}],"status":"available"},{"id":9223127516080505130,"category":{"id":0,"name":"string"},"name":"doggie","photoUrls":["string"],"tags":[{"id":0,"name":"string"}],"status":"available"},{"id":9223127516080505131,"category":{"id":0,"name":"string"},"name":"doggie","photoUrls":["string"],"tags":[{"id":0,"name":"string"}],"status":"available"},{"id":9223127516080505137,"category":{"id":0,"name":"string"},"name":"fish","photoUrls":["string"],"tags":[{"id":0,"name":"string"}],"status":"available"},{"id":9223127516080505142,"category":{"id":0,"name":"string"},"name":"fish","photoUrls":["string"],"tags":[{"id":0,"name":"string"}],"status":"available"},{"id":9223127516080505143,"category":{"id":0,"name":"string"},"name":"fish","photoUrls":["string"],"tags":[{"id":0,"name":"string"}],"status":"available"},{"id":9223127516080505144,"category":{"id":0,"name":"string"},"name":"Puff","photoUrls":["string"],"tags":[{"id":0,"name":"string"}],"status":"available"},{"id":9223127516080505146,"category":{"id":0,"name":"string"},"name":"fish","photoUrls":["string"],"tags":[{"id":0,"name":"string"}],"status":"available"},{"id":9223127516080505147,"category":{"id":0,"name":"string"},"name":"fish","photoUrls":["string"],"tags":[{"id":0,"name":"string"}],"status":"available"},{"id":9223127516080505148,"category":{"id":0,"name":"string"},"name":"fish","photoUrls":["string"],"tags":[{"id":0,"name":"string"}],"status":"available"},{"id":9223127516080505149,"category":{"id":0,"name":"string"},"name":"test","photoUrls":["string"],"tags":[{"id":0,"name":"string"}],"status":"available"},{"id":9223127516080505150,"category":{"id":0,"name":"string"},"name":"test","photoUrls":["string"],"tags":[{"id":0,"name":"string"}],"status":"available"},{"id":9223127516080505151,"category":{"id":0,"name":"string"},"name":"test","photoUrls":["string"],"tags":[{"id":0,"name":"string"}],"status":"available"},{"id":9223127516080505152,"category":{"id":0,"name":"string"},"name":"fish","photoUrls":["string"],"tags":[{"id":0,"name":"string"}],"status":"available"},{"id":9223127516080505153,"category":{"id":0,"name":"string"},"name":"fish","photoUrls":["string"],"tags":[{"id":0,"name":"string"}],"status":"available"},{"id":9223127516080505154,"category":{"id":0,"name":"string"},"name":"doggie","photoUrls":["string"],"tags":[{"id":0,"name":"string"}],"status":"available"},{"id":9223127516080505155,"category":{"id":0,"name":"string"},"name":"doggie","photoUrls":["string"],"tags":[{"id":0,"name":"string"}],"status":"available"},{"id":9223127516080505156,"category":{"id":0,"name":"string"},"name":"doggie","photoUrls":["string"],"tags":[{"id":0,"name":"string"}],"status":"available"},{"id":9223127516080505157,"category":{"id":0,"name":"string"},"name":"doggie","photoUrls":["string"],"tags":[{"id":0,"name":"string"}],"status":"available"},{"id":9223127516080505158,"category":{"id":0,"name":"string"},"name":"doggie","photoUrls":["string"],"tags":[{"id":0,"name":"string"}],"status":"available"},{"id":9223127516080505159,"category":{"id":0,"name":"string"},"name":"doggie","photoUrls":["string"],"tags":[{"id":0,"name":"string"}],"status":"available"},{"id":9223127516080505160,"category":{"id":0,"name":"string"},"name":"doggie","photoUrls":["string"],"tags":[{"id":0,"name":"string"}],"status":"available"},{"id":9223127516080505161,"category":{"id":0,"name":"string"},"name":"fish","photoUrls":["string"],"tags":[{"id":0,"name":"string"}],"status":"available"},{"id":9223127516080505167,"category":{"id":0,"name":"string"},"name":"fish","photoUrls":["string"],"tags":[{"id":0,"name":"string"}],"status":"available"},{"id":9223127516080505169,"category":{"id":0,"name":"string"},"name":"fish","photoUrls":["string"],"tags":[{"id":0,"name":"string"}],"status":"available"},{"id":9223127516080505173,"category":{"id":0,"name":"string"},"name":"Puff","photoUrls":["string"],"tags":[{"id":0,"name":"string"}],"status":"available"},{"id":9223127516080505175,"category":{"id":0,"name":"string"},"name":"fish","photoUrls":["string"],"tags":[{"id":0,"name":"string"}],"status":"available"},{"id":9223127516080505176,"category":{"id":0,"name":"string"},"name":"fish","photoUrls":["string"],"tags":[{"id":0,"name":"string"}],"status":"available"},{"id":9223127516080505177,"category":{"id":0,"name":"string"},"name":"fish","photoUrls":["string"],"tags":[{"id":0,"name":"string"}],"status":"available"},{"id":9223127516080505178,"category":{"id":0,"name":"string"},"name":"fish","photoUrls":["string"],"tags":[{"id":0,"name":"string"}],"status":"available"},{"id":9223127516080505181,"category":{"id":0,"name":"string"},"name":"fish","photoUrls":["string"],"tags":[{"id":0,"name":"string"}],"status":"available"},{"id":9223127516080505182,"category":{"id":0,"name":"string"},"name":"fish","photoUrls":["string"],"tags":[{"id":0,"name":"string"}],"status":"available"},{"id":9223127516080505183,"category":{"id":0,"name":"string"},"name":"fish","photoUrls":["string"],"tags":[{"id":0,"name":"string"}],"status":"available"},{"id":9223127516080505184,"category":{"id":0,"name":"string"},"name":"doggie","photoUrls":["string"],"tags":[{"id":0,"name":"string"}],"status":"available"},{"id":9223127516080505185,"category":{"id":0,"name":"string"},"name":"doggie","photoUrls":["string"],"tags":[{"id":0,"name":"string"}],"status":"available"},{"id":9223127516080505186,"category":{"id":0,"name":"string"},"name":"doggie","photoUrls":["string"],"tags":[{"id":0,"name":"string"}],"status":"available"},{"id":9223127516080505187,"category":{"id":0,"name":"string"},"name":"doggie","photoUrls":["string"],"tags":[{"id":0,"name":"string"}],"status":"available"},{"id":9223127516080505188,"category":{"id":0,"name":"string"},"name":"doggie","photoUrls":["string"],"tags":[{"id":0,"name":"string"}],"status":"available"},{"id":9223127516080505189,"category":{"id":0,"name":"string"},"name":"doggie","photoUrls":["string"],"tags":[{"id":0,"name":"string"}],"status":"available"},{"id":9223127516080505195,"category":{"id":0,"name":"string"},"name":"fish","photoUrls":["string"],"tags":[{"id":0,"name":"string"}],"status":"available"},{"id":9223127516080505196,"category":{"id":0,"name":"string"},"name":"fish","photoUrls":["string"],"tags":[{"id":0,"name":"string"}],"status":"available"},{"id":9223127516080505201,"category":{"id":0,"name":"string"},"name":"Puff","photoUrls":["string"],"tags":[{"id":0,"name":"string"}],"status":"available"},{"id":9223127516080505203,"category":{"id":0,"name":"string"},"name":"fish","photoUrls":["string"],"tags":[{"id":0,"name":"string"}],"status":"available"},{"id":9223127516080505204,"category":{"id":0,"name":"string"},"name":"fish","photoUrls":["string"],"tags":[{"id":0,"name":"string"}],"status":"available"},{"id":9223127516080505205,"category":{"id":0,"name":"string"},"name":"fish","photoUrls":["string"],"tags":[{"id":0,"name":"string"}],"status":"available"},{"id":9223127516080505206,"category":{"id":0,"name":"string"},"name":"fish","photoUrls":["string"],"tags":[{"id":0,"name":"string"}],"status":"available"},{"id":102,"name":"Parrot-new","photoUrls":[],"tags":[],"status":"available"},{"id":103,"name":"Sparrow-new","photoUrls":[],"tags":[],"status":"available"}]
Status code is : 200
Content Type : application/json
]]></system-out>
  </testcase>
  <testcase name="FindPetWithStatus[status=sold,pending](4)" classname="ApiMethods.FindPetsByStatus" time="0.032">
    <system-out><![CDATA[Finding a pet by Status
Response body is: [{"id":54092939,"category":{"id":-19780149,"name":"veniam sit eu velit"},"name":"{{random_name}}","photoUrls":["id laboris amet","adipisicing mollit"],"tags":[{"id":6202487,"name":"officia"},{"id":54987974,"name":"irure"}],"status":"sold"},{"id":1243,"category":{"id":101,"name":"testcategory"},"name":"valueimplcat","photoUrls":["a.png","b.png"],"tags":[{"id":102,"name":"testtag1"},{"id":103,"name":"testtag2"}],"status":"sold"},{"id":1796,"category":{"id":101,"name":"testcategory"},"name":"getcat","photoUrls":["a.png","b.png"],"tags":[{"id":102,"name":"testtag1"},{"id":103,"name":"testtag2"}],"status":"pending"},{"id":1501,"category":{"id":101,"name":"testcategory"},"name":"getcat","photoUrls":["a.png","b.png"],"tags":[{"id":102,"name":"testtag1"},{"id":103,"name":"testtag2"}],"status":"pending"},{"id":9223127516080504588,"name":"doggie","photoUrls":[],"tags":[],"status":"sold"},{"id":60453315,"category":{"id":63343835,"name":"Alfonzo"},"name":"Jasmine Flowers","photoUrls":["www.bergnaumgroup.net"],"tags":[{"id":44948687,"name":"Hickle"}],"status":"sold"},{"id":53186648,"category":{"id":8355308,"name":"Meagan"},"name":"Phil A. Delphia","photoUrls":["www.price-greenfelder.info"],"tags":[{"id":25176736,"name":"Walker"}],"status":"sold"},{"id":66344018,"category":{"id":49017022,"name":"Dimple"},"name":"Candy Barr","photoUrls":["www.abernathyinc.net"],"tags":[{"id":63926138,"name":"Ward"}],"status":"pending"},{"id":78654422,"category":{"id":32009075,"name":"Jeni"},"name":"Ty Tannick","photoUrls":["www.donnellywehnerandgaylord.com"],"tags":[{"id":59025207,"name":"Stoltenberg"}],"status":"sold"},{"id":9223127516080504647,"name":"doggie","photoUrls":[],"tags":[],"status":"sold"},{"id":10001,"category":{"id":1,"name":"c"},"name":"doggie","photoUrls":[""],"tags":[{"id":1,"name":"dt"}],"status":"sold"},{"id":100,"name":"Hund","photoUrls":[],"tags":[],"status":"sold"},{"id":101,"name":"Katze-new","photoUrls":[],"tags":[],"status":"pending"}]
Status code is : 200
Content Type : application/json
]]></system-out>
  </testcase>
  <testcase name="DeletePet[100](1)" classname="ApiMethods.DeleteaPet" time="0.616">
    <system-out><![CDATA[Deleting a pet
Response body is: {"code":200,"type":"unknown","message":"100"}
Status code is : 200
]]></system-out>
  </testcase>
  <testcase name="DeletePet[101](2)" classname="ApiMethods.DeleteaPet" time="0.721">
    <system-out><![CDATA[Deleting a pet
Response body is: {"code":200,"type":"unknown","message":"101"}
Status code is : 200
]]></system-out>
  </testcase>
  <testcase name="DeletePet[102](3)" classname="ApiMethods.DeleteaPet" time="0.601">
    <system-out><![CDATA[Deleting a pet
Response body is: {"code":200,"type":"unknown","message":"102"}
Status code is : 200
]]></system-out>
  </testcase>
  <testcase name="DeletePet[103](4)" classname="ApiMethods.DeleteaPet" time="0.618">
    <system-out><![CDATA[Deleting a pet
Response body is: {"code":200,"type":"unknown","message":"103"}
Status code is : 200
]]></system-out>
  </testcase>
</testsuite>