<?xml version="1.0" encoding="UTF-8"?>
<!-- Generated by org.testng.reporters.JUnitReportReporter -->
<testsuite hostname="DESKTOP-MLU4ERH" failures="0" tests="1" name="Testcases.TC_FindPetWithAvaliableStatus" time="2.267" errors="0" timestamp="2021-05-15T16:03:01 CEST" skipped="0">
  <testcase classname="Testcases.TC_FindPetWithAvaliableStatus" name="FindPetWithAvaliableStatus" time="2.267"/>
  <system-out/>
</testsuite> <!-- Testcases.TC_FindPetWithAvaliableStatus -->
