<?xml version="1.0" encoding="UTF-8"?>
<!-- Generated by org.testng.reporters.JUnitReportReporter -->
<testsuite hostname="DESKTOP-MLU4ERH" failures="0" tests="16" name="Testcases.TC_FindPetById" time="10.038" errors="0" timestamp="2021-05-15T23:05:29 CEST" skipped="0">
  <testcase classname="Testcases.TC_FindPetById" name="FindPetByID" time="0.726"/>
  <system-out/>
  <testcase classname="Testcases.TC_FindPetById" name="FindPetByID" time="0.619"/>
  <system-out/>
  <testcase classname="Testcases.TC_FindPetById" name="FindPetByID" time="0.609"/>
  <system-out/>
  <testcase classname="Testcases.TC_FindPetById" name="FindPetByID" time="0.619"/>
  <system-out/>
  <testcase classname="Testcases.TC_FindPetById" name="FindPetByID" time="0.612"/>
  <system-out/>
  <testcase classname="Testcases.TC_FindPetById" name="FindPetByID" time="0.611"/>
  <system-out/>
  <testcase classname="Testcases.TC_FindPetById" name="FindPetByID" time="0.714"/>
  <system-out/>
  <testcase classname="Testcases.TC_FindPetById" name="FindPetByID" time="0.593"/>
  <system-out/>
  <testcase classname="Testcases.TC_FindPetById" name="FindPetByID" time="0.646"/>
  <system-out/>
  <testcase classname="Testcases.TC_FindPetById" name="FindPetByID" time="0.598"/>
  <system-out/>
  <testcase classname="Testcases.TC_FindPetById" name="FindPetByID" time="0.632"/>
  <system-out/>
  <testcase classname="Testcases.TC_FindPetById" name="FindPetByID" time="0.573"/>
  <system-out/>
  <testcase classname="Testcases.TC_FindPetById" name="FindPetByID" time="0.617"/>
  <system-out/>
  <testcase classname="Testcases.TC_FindPetById" name="FindPetByID" time="0.581"/>
  <system-out/>
  <testcase classname="Testcases.TC_FindPetById" name="FindPetByID" time="0.665"/>
  <system-out/>
  <testcase classname="Testcases.TC_FindPetById" name="FindPetByID" time="0.623"/>
  <system-out/>
</testsuite> <!-- Testcases.TC_FindPetById -->
