<?xml version="1.0" encoding="UTF-8"?>
<!-- Generated by org.testng.reporters.JUnitReportReporter -->
<testsuite hostname="DESKTOP-MLU4ERH" failures="0" tests="4" name="ApiMethods.DeleteaPet" time="2.343" errors="0" timestamp="2021-05-16T00:22:27 CEST" skipped="0">
  <testcase classname="ApiMethods.DeleteaPet" name="DeletePet" time="0.562"/>
  <system-out/>
  <testcase classname="ApiMethods.DeleteaPet" name="DeletePet" time="0.552"/>
  <system-out/>
  <testcase classname="ApiMethods.DeleteaPet" name="DeletePet" time="0.605"/>
  <system-out/>
  <testcase classname="ApiMethods.DeleteaPet" name="DeletePet" time="0.624"/>
  <system-out/>
</testsuite> <!-- ApiMethods.DeleteaPet -->
