<?xml version="1.0" encoding="UTF-8"?>
<!-- Generated by org.testng.reporters.JUnitReportReporter -->
<testsuite hostname="DESKTOP-MLU4ERH" failures="0" tests="4" name="ApiMethods.UpdatePetInStoreWithFormData" time="2.524" errors="0" timestamp="2021-05-16T00:22:27 CEST" skipped="0">
  <testcase classname="ApiMethods.UpdatePetInStoreWithFormData" name="UpdatePetInStore" time="0.690"/>
  <system-out/>
  <testcase classname="ApiMethods.UpdatePetInStoreWithFormData" name="UpdatePetInStore" time="0.610"/>
  <system-out/>
  <testcase classname="ApiMethods.UpdatePetInStoreWithFormData" name="UpdatePetInStore" time="0.579"/>
  <system-out/>
  <testcase classname="ApiMethods.UpdatePetInStoreWithFormData" name="UpdatePetInStore" time="0.645"/>
  <system-out/>
</testsuite> <!-- ApiMethods.UpdatePetInStoreWithFormData -->
