<?xml version="1.0" encoding="UTF-8"?>
<!-- Generated by org.testng.reporters.JUnitReportReporter -->
<testsuite hostname="DESKTOP-MLU4ERH" failures="0" tests="4" name="APIMethods.AddPetDataStore" time="4.468" errors="0" timestamp="2021-05-15T23:08:16 CEST" skipped="0">
  <testcase classname="APIMethods.AddPetDataStore" name="AddPetDataStore" time="2.375"/>
  <system-out/>
  <testcase classname="APIMethods.AddPetDataStore" name="AddPetDataStore" time="0.681"/>
  <system-out/>
  <testcase classname="APIMethods.AddPetDataStore" name="AddPetDataStore" time="0.618"/>
  <system-out/>
  <testcase classname="APIMethods.AddPetDataStore" name="AddPetDataStore" time="0.794"/>
  <system-out/>
</testsuite> <!-- APIMethods.AddPetDataStore -->
