<?xml version="1.0" encoding="UTF-8"?>
<!-- Generated by org.testng.reporters.JUnitReportReporter -->
<testsuite hostname="DESKTOP-MLU4ERH" failures="0" tests="4" name="ApiMethods.AddPet" time="4.786" errors="0" timestamp="2021-05-16T00:22:27 CEST" skipped="0">
  <testcase classname="ApiMethods.AddPet" name="AddPetDataStore" time="0.669"/>
  <system-out/>
  <testcase classname="ApiMethods.AddPet" name="AddPetDataStore" time="0.710"/>
  <system-out/>
  <testcase classname="ApiMethods.AddPet" name="AddPetDataStore" time="2.694"/>
  <system-out/>
  <testcase classname="ApiMethods.AddPet" name="AddPetDataStore" time="0.713"/>
  <system-out/>
</testsuite> <!-- ApiMethods.AddPet -->
