<?xml version="1.0" encoding="UTF-8"?>
<!-- Generated by org.testng.reporters.JUnitReportReporter -->
<testsuite hostname="DESKTOP-MLU4ERH" failures="0" tests="4" name="Testcases.TC_FindPetsWithStatus" time="2.972" errors="0" timestamp="2021-05-15T23:05:29 CEST" skipped="0">
  <testcase classname="Testcases.TC_FindPetsWithStatus" name="FindPetWithStatus" time="0.720"/>
  <system-out/>
  <testcase classname="Testcases.TC_FindPetsWithStatus" name="FindPetWithStatus" time="0.778"/>
  <system-out/>
  <testcase classname="Testcases.TC_FindPetsWithStatus" name="FindPetWithStatus" time="0.566"/>
  <system-out/>
  <testcase classname="Testcases.TC_FindPetsWithStatus" name="FindPetWithStatus" time="0.908"/>
  <system-out/>
</testsuite> <!-- Testcases.TC_FindPetsWithStatus -->
