<?xml version="1.0" encoding="UTF-8"?>
<!-- Generated by org.testng.reporters.JUnitReportReporter -->
<testsuite hostname="DESKTOP-MLU4ERH" failures="0" tests="4" name="ApiMethods.UpdateAnExistingPet" time="2.457" errors="0" timestamp="2021-05-16T00:22:27 CEST" skipped="0">
  <testcase classname="ApiMethods.UpdateAnExistingPet" name="UpdateExistingPet" time="0.618"/>
  <system-out/>
  <testcase classname="ApiMethods.UpdateAnExistingPet" name="UpdateExistingPet" time="0.614"/>
  <system-out/>
  <testcase classname="ApiMethods.UpdateAnExistingPet" name="UpdateExistingPet" time="0.622"/>
  <system-out/>
  <testcase classname="ApiMethods.UpdateAnExistingPet" name="UpdateExistingPet" time="0.603"/>
  <system-out/>
</testsuite> <!-- ApiMethods.UpdateAnExistingPet -->
