<?xml version="1.0" encoding="UTF-8"?>
<!-- Generated by org.testng.reporters.JUnitReportReporter -->
<testsuite hostname="DESKTOP-MLU4ERH" failures="0" tests="4" name="Testcases.TC_UpdatePetInStore" time="2.609" errors="0" timestamp="2021-05-15T23:05:29 CEST" skipped="0">
  <testcase classname="Testcases.TC_UpdatePetInStore" name="UpdatePetInStore" time="0.675"/>
  <system-out/>
  <testcase classname="Testcases.TC_UpdatePetInStore" name="UpdatePetInStore" time="0.711"/>
  <system-out/>
  <testcase classname="Testcases.TC_UpdatePetInStore" name="UpdatePetInStore" time="0.610"/>
  <system-out/>
  <testcase classname="Testcases.TC_UpdatePetInStore" name="UpdatePetInStore" time="0.613"/>
  <system-out/>
</testsuite> <!-- Testcases.TC_UpdatePetInStore -->
