<?xml version="1.0" encoding="UTF-8"?>
<!-- Generated by org.testng.reporters.JUnitReportReporter -->
<testsuite hostname="DESKTOP-MLU4ERH" failures="0" tests="1" name="Testcases.TC_UpdatePetDataStoreWithForm" time="2.380" errors="0" timestamp="2021-05-15T17:04:38 CEST" skipped="0">
  <testcase classname="Testcases.TC_UpdatePetDataStoreWithForm" name="UpdatePetDataStoreWithForm" time="2.380"/>
  <system-out/>
</testsuite> <!-- Testcases.TC_UpdatePetDataStoreWithForm -->
