<?xml version="1.0" encoding="UTF-8"?>
<!-- Generated by org.testng.reporters.JUnitReportReporter -->
<testsuite hostname="DESKTOP-MLU4ERH" failures="0" tests="4" name="Testcases.TC_DeletePet" time="2.389" errors="0" timestamp="2021-05-15T23:05:29 CEST" skipped="0">
  <testcase classname="Testcases.TC_DeletePet" name="DeletPet" time="0.618"/>
  <system-out/>
  <testcase classname="Testcases.TC_DeletePet" name="DeletPet" time="0.612"/>
  <system-out/>
  <testcase classname="Testcases.TC_DeletePet" name="DeletPet" time="0.598"/>
  <system-out/>
  <testcase classname="Testcases.TC_DeletePet" name="DeletPet" time="0.561"/>
  <system-out/>
</testsuite> <!-- Testcases.TC_DeletePet -->
