<?xml version="1.0" encoding="UTF-8"?>
<!-- Generated by org.testng.reporters.JUnitReportReporter -->
<testsuite hostname="DESKTOP-MLU4ERH" failures="0" tests="4" name="Testcases.TC_UpdateExistingPet" time="2.675" errors="0" timestamp="2021-05-15T23:05:29 CEST" skipped="0">
  <testcase classname="Testcases.TC_UpdateExistingPet" name="UpdateExistingPet" time="0.605"/>
  <system-out/>
  <testcase classname="Testcases.TC_UpdateExistingPet" name="UpdateExistingPet" time="0.732"/>
  <system-out/>
  <testcase classname="Testcases.TC_UpdateExistingPet" name="UpdateExistingPet" time="0.720"/>
  <system-out/>
  <testcase classname="Testcases.TC_UpdateExistingPet" name="UpdateExistingPet" time="0.618"/>
  <system-out/>
</testsuite> <!-- Testcases.TC_UpdateExistingPet -->
