<?xml version="1.0" encoding="UTF-8"?>
<!-- Generated by org.testng.reporters.JUnitReportReporter -->
<testsuite hostname="DESKTOP-MLU4ERH" failures="0" tests="4" name="Testcases.TC_AddPetDataStore" time="4.849" errors="0" timestamp="2021-05-15T23:05:29 CEST" skipped="0">
  <testcase classname="Testcases.TC_AddPetDataStore" name="AddPetDataStore" time="0.740"/>
  <system-out/>
  <testcase classname="Testcases.TC_AddPetDataStore" name="AddPetDataStore" time="0.810"/>
  <system-out/>
  <testcase classname="Testcases.TC_AddPetDataStore" name="AddPetDataStore" time="2.580"/>
  <system-out/>
  <testcase classname="Testcases.TC_AddPetDataStore" name="AddPetDataStore" time="0.719"/>
  <system-out/>
</testsuite> <!-- Testcases.TC_AddPetDataStore -->
