<?xml version="1.0" encoding="UTF-8"?>
<!-- Generated by org.testng.reporters.JUnitReportReporter -->
<testsuite hostname="DESKTOP-MLU4ERH" failures="0" tests="4" name="ApiMethods.FindPetsByStatus" time="2.647" errors="0" timestamp="2021-05-16T00:22:27 CEST" skipped="0">
  <testcase classname="ApiMethods.FindPetsByStatus" name="FindPetWithStatus" time="0.567"/>
  <system-out/>
  <testcase classname="ApiMethods.FindPetsByStatus" name="FindPetWithStatus" time="0.570"/>
  <system-out/>
  <testcase classname="ApiMethods.FindPetsByStatus" name="FindPetWithStatus" time="0.625"/>
  <system-out/>
  <testcase classname="ApiMethods.FindPetsByStatus" name="FindPetWithStatus" time="0.885"/>
  <system-out/>
</testsuite> <!-- ApiMethods.FindPetsByStatus -->
