<?xml version="1.0" encoding="UTF-8"?>
<!-- Generated by org.testng.reporters.JUnitReportReporter -->
<testsuite hostname="DESKTOP-MLU4ERH" failures="0" tests="16" name="ApiMethods.FindAPetById" time="9.920" errors="0" timestamp="2021-05-16T00:22:27 CEST" skipped="0">
  <testcase classname="ApiMethods.FindAPetById" name="FindPetByID" time="0.614"/>
  <system-out/>
  <testcase classname="ApiMethods.FindAPetById" name="FindPetByID" time="0.618"/>
  <system-out/>
  <testcase classname="ApiMethods.FindAPetById" name="FindPetByID" time="0.609"/>
  <system-out/>
  <testcase classname="ApiMethods.FindAPetById" name="FindPetByID" time="0.665"/>
  <system-out/>
  <testcase classname="ApiMethods.FindAPetById" name="FindPetByID" time="0.617"/>
  <system-out/>
  <testcase classname="ApiMethods.FindAPetById" name="FindPetByID" time="0.584"/>
  <system-out/>
  <testcase classname="ApiMethods.FindAPetById" name="FindPetByID" time="0.608"/>
  <system-out/>
  <testcase classname="ApiMethods.FindAPetById" name="FindPetByID" time="0.590"/>
  <system-out/>
  <testcase classname="ApiMethods.FindAPetById" name="FindPetByID" time="0.680"/>
  <system-out/>
  <testcase classname="ApiMethods.FindAPetById" name="FindPetByID" time="0.660"/>
  <system-out/>
  <testcase classname="ApiMethods.FindAPetById" name="FindPetByID" time="0.613"/>
  <system-out/>
  <testcase classname="ApiMethods.FindAPetById" name="FindPetByID" time="0.588"/>
  <system-out/>
  <testcase classname="ApiMethods.FindAPetById" name="FindPetByID" time="0.589"/>
  <system-out/>
  <testcase classname="ApiMethods.FindAPetById" name="FindPetByID" time="0.612"/>
  <system-out/>
  <testcase classname="ApiMethods.FindAPetById" name="FindPetByID" time="0.681"/>
  <system-out/>
  <testcase classname="ApiMethods.FindAPetById" name="FindPetByID" time="0.592"/>
  <system-out/>
</testsuite> <!-- ApiMethods.FindAPetById -->
