<?xml version="1.0" encoding="UTF-8"?>
<!-- Generated by org.testng.reporters.JUnitReportReporter -->
<testsuite hostname="DESKTOP-MLU4ERH" failures="0" tests="4" name="ApiMethods.UpdateAnExistingPet" time="2.466" errors="0" timestamp="2021-05-16T01:47:02 CEST" skipped="0">
  <testcase classname="ApiMethods.UpdateAnExistingPet" name="UpdateExistingPet" time="0.619"/>
  <system-out/>
  <testcase classname="ApiMethods.UpdateAnExistingPet" name="UpdateExistingPet" time="0.639"/>
  <system-out/>
  <testcase classname="ApiMethods.UpdateAnExistingPet" name="UpdateExistingPet" time="0.623"/>
  <system-out/>
  <testcase classname="ApiMethods.UpdateAnExistingPet" name="UpdateExistingPet" time="0.585"/>
  <system-out/>
</testsuite> <!-- ApiMethods.UpdateAnExistingPet -->
