<?xml version="1.0" encoding="UTF-8"?>
<!-- Generated by org.testng.reporters.JUnitReportReporter -->
<testsuite hostname="DESKTOP-MLU4ERH" failures="0" tests="4" name="ApiMethods.AddPet" time="4.700" errors="0" timestamp="2021-05-16T01:47:02 CEST" skipped="0">
  <testcase classname="ApiMethods.AddPet" name="AddPetDataStore" time="2.618"/>
  <system-out/>
  <testcase classname="ApiMethods.AddPet" name="AddPetDataStore" time="0.676"/>
  <system-out/>
  <testcase classname="ApiMethods.AddPet" name="AddPetDataStore" time="0.684"/>
  <system-out/>
  <testcase classname="ApiMethods.AddPet" name="AddPetDataStore" time="0.722"/>
  <system-out/>
</testsuite> <!-- ApiMethods.AddPet -->
