<?xml version="1.0" encoding="UTF-8"?>
<!-- Generated by org.testng.reporters.JUnitReportReporter -->
<testsuite hostname="DESKTOP-MLU4ERH" failures="0" tests="4" name="ApiMethods.UpdatePetInStoreWithFormData" time="2.580" errors="0" timestamp="2021-05-16T01:47:02 CEST" skipped="0">
  <testcase classname="ApiMethods.UpdatePetInStoreWithFormData" name="UpdatePetInStore" time="0.612"/>
  <system-out/>
  <testcase classname="ApiMethods.UpdatePetInStoreWithFormData" name="UpdatePetInStore" time="0.637"/>
  <system-out/>
  <testcase classname="ApiMethods.UpdatePetInStoreWithFormData" name="UpdatePetInStore" time="0.626"/>
  <system-out/>
  <testcase classname="ApiMethods.UpdatePetInStoreWithFormData" name="UpdatePetInStore" time="0.705"/>
  <system-out/>
</testsuite> <!-- ApiMethods.UpdatePetInStoreWithFormData -->
