<?xml version="1.0" encoding="UTF-8"?>
<!-- Generated by org.testng.reporters.JUnitReportReporter -->
<testsuite hostname="DESKTOP-MLU4ERH" failures="0" tests="4" name="ApiMethods.FindPetsByStatus" time="2.725" errors="0" timestamp="2021-05-16T01:47:02 CEST" skipped="0">
  <testcase classname="ApiMethods.FindPetsByStatus" name="FindPetWithStatus" time="0.608"/>
  <system-out/>
  <testcase classname="ApiMethods.FindPetsByStatus" name="FindPetWithStatus" time="0.583"/>
  <system-out/>
  <testcase classname="ApiMethods.FindPetsByStatus" name="FindPetWithStatus" time="0.925"/>
  <system-out/>
  <testcase classname="ApiMethods.FindPetsByStatus" name="FindPetWithStatus" time="0.609"/>
  <system-out/>
</testsuite> <!-- ApiMethods.FindPetsByStatus -->
