<?xml version="1.0" encoding="UTF-8"?>
<!-- Generated by org.testng.reporters.JUnitReportReporter -->
<testsuite hostname="DESKTOP-MLU4ERH" failures="0" tests="16" name="ApiMethods.FindAPetById" time="9.858" errors="0" timestamp="2021-05-16T01:47:02 CEST" skipped="0">
  <testcase classname="ApiMethods.FindAPetById" name="FindPetByID" time="0.560"/>
  <system-out/>
  <testcase classname="ApiMethods.FindAPetById" name="FindPetByID" time="0.611"/>
  <system-out/>
  <testcase classname="ApiMethods.FindAPetById" name="FindPetByID" time="0.660"/>
  <system-out/>
  <testcase classname="ApiMethods.FindAPetById" name="FindPetByID" time="0.600"/>
  <system-out/>
  <testcase classname="ApiMethods.FindAPetById" name="FindPetByID" time="0.618"/>
  <system-out/>
  <testcase classname="ApiMethods.FindAPetById" name="FindPetByID" time="0.617"/>
  <system-out/>
  <testcase classname="ApiMethods.FindAPetById" name="FindPetByID" time="0.621"/>
  <system-out/>
  <testcase classname="ApiMethods.FindAPetById" name="FindPetByID" time="0.617"/>
  <system-out/>
  <testcase classname="ApiMethods.FindAPetById" name="FindPetByID" time="0.602"/>
  <system-out/>
  <testcase classname="ApiMethods.FindAPetById" name="FindPetByID" time="0.580"/>
  <system-out/>
  <testcase classname="ApiMethods.FindAPetById" name="FindPetByID" time="0.613"/>
  <system-out/>
  <testcase classname="ApiMethods.FindAPetById" name="FindPetByID" time="0.665"/>
  <system-out/>
  <testcase classname="ApiMethods.FindAPetById" name="FindPetByID" time="0.640"/>
  <system-out/>
  <testcase classname="ApiMethods.FindAPetById" name="FindPetByID" time="0.626"/>
  <system-out/>
  <testcase classname="ApiMethods.FindAPetById" name="FindPetByID" time="0.627"/>
  <system-out/>
  <testcase classname="ApiMethods.FindAPetById" name="FindPetByID" time="0.601"/>
  <system-out/>
</testsuite> <!-- ApiMethods.FindAPetById -->
